INFO  - 2014-04-22 14:10:01.133; org.apache.solr.servlet.SolrDispatchFilter; SolrDispatchFilter.init()
INFO  - 2014-04-22 14:10:01.257; org.apache.solr.core.SolrResourceLoader; Using JNDI solr.home: /Applications/MAMP/solr4.6
INFO  - 2014-04-22 14:10:01.259; org.apache.solr.core.SolrResourceLoader; new SolrResourceLoader for directory: '/Applications/MAMP/solr4.6/'
INFO  - 2014-04-22 14:10:01.534; org.apache.solr.core.ConfigSolr; Loading container configuration from /Applications/MAMP/solr4.6/solr.xml
INFO  - 2014-04-22 14:10:01.541; org.apache.solr.core.ConfigSolr; /Applications/MAMP/solr4.6/solr.xml does not exist, using default configuration
INFO  - 2014-04-22 14:10:02.496; org.apache.solr.core.CoreContainer; New CoreContainer 1163776810
INFO  - 2014-04-22 14:10:02.496; org.apache.solr.core.CoreContainer; Loading cores into CoreContainer [instanceDir=/Applications/MAMP/solr4.6/]
INFO  - 2014-04-22 14:10:02.533; org.apache.solr.handler.component.HttpShardHandlerFactory; Setting socketTimeout to: 0
INFO  - 2014-04-22 14:10:02.533; org.apache.solr.handler.component.HttpShardHandlerFactory; Setting urlScheme to: http://
INFO  - 2014-04-22 14:10:02.533; org.apache.solr.handler.component.HttpShardHandlerFactory; Setting connTimeout to: 0
INFO  - 2014-04-22 14:10:02.534; org.apache.solr.handler.component.HttpShardHandlerFactory; Setting maxConnectionsPerHost to: 20
INFO  - 2014-04-22 14:10:02.534; org.apache.solr.handler.component.HttpShardHandlerFactory; Setting corePoolSize to: 0
INFO  - 2014-04-22 14:10:02.534; org.apache.solr.handler.component.HttpShardHandlerFactory; Setting maximumPoolSize to: 2147483647
INFO  - 2014-04-22 14:10:02.534; org.apache.solr.handler.component.HttpShardHandlerFactory; Setting maxThreadIdleTime to: 5
INFO  - 2014-04-22 14:10:02.534; org.apache.solr.handler.component.HttpShardHandlerFactory; Setting sizeOfQueue to: -1
INFO  - 2014-04-22 14:10:02.535; org.apache.solr.handler.component.HttpShardHandlerFactory; Setting fairnessPolicy to: false
INFO  - 2014-04-22 14:10:03.064; org.apache.solr.logging.LogWatcher; SLF4J impl is org.slf4j.impl.Log4jLoggerFactory
INFO  - 2014-04-22 14:10:03.075; org.apache.solr.logging.LogWatcher; Registering Log Listener [Log4j (org.slf4j.impl.Log4jLoggerFactory)]
INFO  - 2014-04-22 14:10:03.251; org.apache.solr.core.CoreContainer; Creating SolrCore 'collection1' using instanceDir: /Applications/MAMP/solr4.6/collection1
INFO  - 2014-04-22 14:10:03.252; org.apache.solr.core.SolrResourceLoader; new SolrResourceLoader for directory: '/Applications/MAMP/solr4.6/collection1/'
INFO  - 2014-04-22 14:10:03.474; org.apache.solr.core.SolrConfig; Adding specified lib dirs to ClassLoader
WARN  - 2014-04-22 14:10:03.475; org.apache.solr.core.SolrResourceLoader; Can't find (or read) directory to add to classloader: ../../../contrib/extraction/lib (resolved as: /Applications/MAMP/solr4.6/collection1/../../../contrib/extraction/lib).
WARN  - 2014-04-22 14:10:03.501; org.apache.solr.core.SolrResourceLoader; Can't find (or read) directory to add to classloader: ../../../dist/ (resolved as: /Applications/MAMP/solr4.6/collection1/../../../dist).
WARN  - 2014-04-22 14:10:03.501; org.apache.solr.core.SolrResourceLoader; Can't find (or read) directory to add to classloader: ../../../contrib/clustering/lib/ (resolved as: /Applications/MAMP/solr4.6/collection1/../../../contrib/clustering/lib).
WARN  - 2014-04-22 14:10:03.502; org.apache.solr.core.SolrResourceLoader; Can't find (or read) directory to add to classloader: ../../../dist/ (resolved as: /Applications/MAMP/solr4.6/collection1/../../../dist).
WARN  - 2014-04-22 14:10:03.502; org.apache.solr.core.SolrResourceLoader; Can't find (or read) directory to add to classloader: ../../../contrib/langid/lib/ (resolved as: /Applications/MAMP/solr4.6/collection1/../../../contrib/langid/lib).
WARN  - 2014-04-22 14:10:03.502; org.apache.solr.core.SolrResourceLoader; Can't find (or read) directory to add to classloader: ../../../dist/ (resolved as: /Applications/MAMP/solr4.6/collection1/../../../dist).
WARN  - 2014-04-22 14:10:03.502; org.apache.solr.core.SolrResourceLoader; Can't find (or read) directory to add to classloader: ../../../contrib/velocity/lib (resolved as: /Applications/MAMP/solr4.6/collection1/../../../contrib/velocity/lib).
WARN  - 2014-04-22 14:10:03.503; org.apache.solr.core.SolrResourceLoader; Can't find (or read) directory to add to classloader: ../../../dist/ (resolved as: /Applications/MAMP/solr4.6/collection1/../../../dist).
INFO  - 2014-04-22 14:10:03.664; org.apache.solr.update.SolrIndexConfig; IndexWriter infoStream solr logging is enabled
INFO  - 2014-04-22 14:10:03.672; org.apache.solr.core.SolrConfig; Using Lucene MatchVersion: LUCENE_46
INFO  - 2014-04-22 14:10:04.053; org.apache.solr.core.SolrConfig; Loaded SolrConfig: solrconfig.xml
INFO  - 2014-04-22 14:10:04.062; org.apache.solr.schema.IndexSchema; Reading Solr Schema from schema.xml
INFO  - 2014-04-22 14:10:04.218; org.apache.solr.schema.IndexSchema; [collection1] Schema name=example
INFO  - 2014-04-22 14:10:04.976; org.apache.solr.schema.IndexSchema; unique key field: id
INFO  - 2014-04-22 14:10:05.184; org.apache.solr.schema.FileExchangeRateProvider; Reloading exchange rates from file currency.xml
INFO  - 2014-04-22 14:10:05.239; org.apache.solr.schema.FileExchangeRateProvider; Reloading exchange rates from file currency.xml
INFO  - 2014-04-22 14:10:05.521; org.apache.solr.core.SolrCore; solr.NRTCachingDirectoryFactory
INFO  - 2014-04-22 14:10:05.537; org.apache.solr.core.SolrCore; [collection1] Opening new SolrCore at /Applications/MAMP/solr4.6/collection1/, dataDir=/Applications/MAMP/solr4.6/collection1/data/
INFO  - 2014-04-22 14:10:05.538; org.apache.solr.core.JmxMonitoredMap; JMX monitoring is enabled. Adding Solr mbeans to JMX Server: com.sun.jmx.mbeanserver.JmxMBeanServer@624b035d
INFO  - 2014-04-22 14:10:05.563; org.apache.solr.core.SolrCore; [collection1] Added SolrEventListener for newSearcher: org.apache.solr.core.QuerySenderListener{queries=[]}
INFO  - 2014-04-22 14:10:05.564; org.apache.solr.core.SolrCore; [collection1] Added SolrEventListener for firstSearcher: org.apache.solr.core.QuerySenderListener{queries=[{q=static firstSearcher warming in solrconfig.xml}]}
INFO  - 2014-04-22 14:10:05.584; org.apache.solr.core.CachingDirectoryFactory; return new directory for /Applications/MAMP/solr4.6/collection1/data
INFO  - 2014-04-22 14:10:05.600; org.apache.solr.core.SolrCore; New index directory detected: old=null new=/Applications/MAMP/solr4.6/collection1/data/index/
INFO  - 2014-04-22 14:10:05.601; org.apache.solr.core.CachingDirectoryFactory; return new directory for /Applications/MAMP/solr4.6/collection1/data/index
INFO  - 2014-04-22 14:10:05.613; org.apache.solr.core.SolrCore; created json: solr.JSONResponseWriter
INFO  - 2014-04-22 14:10:05.614; org.apache.solr.core.SolrCore; adding lazy queryResponseWriter: solr.VelocityResponseWriter
INFO  - 2014-04-22 14:10:05.615; org.apache.solr.core.SolrCore; created velocity: solr.VelocityResponseWriter
INFO  - 2014-04-22 14:10:05.619; org.apache.solr.core.SolrCore; created xslt: solr.XSLTResponseWriter
INFO  - 2014-04-22 14:10:05.619; org.apache.solr.response.XSLTResponseWriter; xsltCacheLifetimeSeconds=5
INFO  - 2014-04-22 14:10:05.758; org.apache.solr.core.SolrCore; no updateRequestProcessorChain defined as default, creating implicit default
INFO  - 2014-04-22 14:10:05.769; org.apache.solr.core.RequestHandlers; created /select: solr.SearchHandler
INFO  - 2014-04-22 14:10:05.770; org.apache.solr.core.RequestHandlers; created /query: solr.SearchHandler
INFO  - 2014-04-22 14:10:05.773; org.apache.solr.core.RequestHandlers; created /get: solr.RealTimeGetHandler
INFO  - 2014-04-22 14:10:05.774; org.apache.solr.core.RequestHandlers; created /browse: solr.SearchHandler
INFO  - 2014-04-22 14:10:05.780; org.apache.solr.core.RequestHandlers; created /update: solr.UpdateRequestHandler
WARN  - 2014-04-22 14:10:05.783; org.apache.solr.core.SolrResourceLoader; Solr loaded a deprecated plugin/analysis class [solr.JsonUpdateRequestHandler]. Please consult documentation how to replace it accordingly.
INFO  - 2014-04-22 14:10:05.785; org.apache.solr.core.RequestHandlers; created /update/json: solr.JsonUpdateRequestHandler
WARN  - 2014-04-22 14:10:05.787; org.apache.solr.core.SolrResourceLoader; Solr loaded a deprecated plugin/analysis class [solr.CSVRequestHandler]. Please consult documentation how to replace it accordingly.
INFO  - 2014-04-22 14:10:05.787; org.apache.solr.core.RequestHandlers; created /update/csv: solr.CSVRequestHandler
INFO  - 2014-04-22 14:10:05.788; org.apache.solr.core.RequestHandlers; adding lazy requestHandler: solr.extraction.ExtractingRequestHandler
INFO  - 2014-04-22 14:10:05.789; org.apache.solr.core.RequestHandlers; created /update/extract: solr.extraction.ExtractingRequestHandler
INFO  - 2014-04-22 14:10:05.789; org.apache.solr.core.RequestHandlers; adding lazy requestHandler: solr.FieldAnalysisRequestHandler
INFO  - 2014-04-22 14:10:05.789; org.apache.solr.core.RequestHandlers; created /analysis/field: solr.FieldAnalysisRequestHandler
INFO  - 2014-04-22 14:10:05.789; org.apache.solr.core.RequestHandlers; adding lazy requestHandler: solr.DocumentAnalysisRequestHandler
INFO  - 2014-04-22 14:10:05.789; org.apache.solr.core.RequestHandlers; created /analysis/document: solr.DocumentAnalysisRequestHandler
INFO  - 2014-04-22 14:10:05.791; org.apache.solr.core.RequestHandlers; created /admin/: solr.admin.AdminHandlers
INFO  - 2014-04-22 14:10:05.794; org.apache.solr.core.RequestHandlers; created /admin/ping: solr.PingRequestHandler
INFO  - 2014-04-22 14:10:05.797; org.apache.solr.core.RequestHandlers; created /debug/dump: solr.DumpRequestHandler
INFO  - 2014-04-22 14:10:05.806; org.apache.solr.core.RequestHandlers; created /replication: solr.ReplicationHandler
INFO  - 2014-04-22 14:10:05.807; org.apache.solr.core.RequestHandlers; adding lazy requestHandler: solr.SearchHandler
INFO  - 2014-04-22 14:10:05.807; org.apache.solr.core.RequestHandlers; created /spell: solr.SearchHandler
INFO  - 2014-04-22 14:10:05.807; org.apache.solr.core.RequestHandlers; adding lazy requestHandler: solr.SearchHandler
INFO  - 2014-04-22 14:10:05.807; org.apache.solr.core.RequestHandlers; created /tvrh: solr.SearchHandler
INFO  - 2014-04-22 14:10:05.808; org.apache.solr.core.RequestHandlers; adding lazy requestHandler: org.apache.solr.handler.js.JavaScriptRequestHandler
INFO  - 2014-04-22 14:10:05.808; org.apache.solr.core.RequestHandlers; created /js: org.apache.solr.handler.js.JavaScriptRequestHandler
INFO  - 2014-04-22 14:10:05.808; org.apache.solr.core.RequestHandlers; adding lazy requestHandler: solr.SearchHandler
INFO  - 2014-04-22 14:10:05.808; org.apache.solr.core.RequestHandlers; created /terms: solr.SearchHandler
INFO  - 2014-04-22 14:10:05.809; org.apache.solr.core.RequestHandlers; adding lazy requestHandler: solr.SearchHandler
INFO  - 2014-04-22 14:10:05.809; org.apache.solr.core.RequestHandlers; created /elevate: solr.SearchHandler
INFO  - 2014-04-22 14:10:05.848; org.apache.solr.handler.loader.XMLLoader; xsltCacheLifetimeSeconds=60
INFO  - 2014-04-22 14:10:05.850; org.apache.solr.handler.loader.XMLLoader; xsltCacheLifetimeSeconds=60
INFO  - 2014-04-22 14:10:05.851; org.apache.solr.handler.loader.XMLLoader; xsltCacheLifetimeSeconds=60
INFO  - 2014-04-22 14:10:05.880; org.apache.solr.update.CommitTracker; Hard AutoCommit: if uncommited for 15000ms; 
INFO  - 2014-04-22 14:10:05.880; org.apache.solr.update.CommitTracker; Soft AutoCommit: disabled
INFO  - 2014-04-22 14:10:06.046; org.apache.solr.core.SolrDeletionPolicy; SolrDeletionPolicy.onInit: commits: num=1
	commit{dir=NRTCachingDirectory(org.apache.lucene.store.NIOFSDirectory@/Applications/MAMP/solr4.6/collection1/data/index lockFactory=org.apache.lucene.store.NativeFSLockFactory@74ae8af4; maxCacheMB=48.0 maxMergeSizeMB=4.0),segFN=segments_1,generation=1}
INFO  - 2014-04-22 14:10:06.047; org.apache.solr.core.SolrDeletionPolicy; newest commit generation = 1
INFO  - 2014-04-22 14:10:06.055; org.apache.solr.search.SolrIndexSearcher; Opening Searcher@59f52125 main
INFO  - 2014-04-22 14:10:06.060; org.apache.solr.handler.component.SpellCheckComponent; Initializing spell checkers
INFO  - 2014-04-22 14:10:06.067; org.apache.solr.spelling.DirectSolrSpellChecker; init: {name=default,field=text,classname=solr.DirectSolrSpellChecker,distanceMeasure=internal,accuracy=0.5,maxEdits=2,minPrefix=1,maxInspections=5,minQueryLength=4,maxQueryFrequency=0.01}
INFO  - 2014-04-22 14:10:06.079; org.apache.solr.handler.component.SpellCheckComponent; No queryConverter defined, using default converter
INFO  - 2014-04-22 14:10:06.082; org.apache.solr.handler.component.QueryElevationComponent; Loading QueryElevation from: /Applications/MAMP/solr4.6/collection1/conf/elevate.xml
INFO  - 2014-04-22 14:10:06.133; org.apache.solr.handler.ReplicationHandler; Commits will be reserved for  10000
INFO  - 2014-04-22 14:10:06.133; org.apache.solr.core.QuerySenderListener; QuerySenderListener sending requests to Searcher@59f52125 main{StandardDirectoryReader(segments_1:1:nrt)}
INFO  - 2014-04-22 14:10:06.191; org.apache.solr.core.SolrCore; [collection1] webapp=null path=null params={event=firstSearcher&q=static+firstSearcher+warming+in+solrconfig.xml&distrib=false} hits=0 status=0 QTime=54 
INFO  - 2014-04-22 14:10:06.192; org.apache.solr.core.QuerySenderListener; QuerySenderListener done.
INFO  - 2014-04-22 14:10:06.192; org.apache.solr.handler.component.SpellCheckComponent$SpellCheckerListener; Loading spell index for spellchecker: default
INFO  - 2014-04-22 14:10:06.193; org.apache.solr.handler.component.SpellCheckComponent$SpellCheckerListener; Loading spell index for spellchecker: wordbreak
INFO  - 2014-04-22 14:10:06.201; org.apache.solr.core.SolrCore; [collection1] Registered new searcher Searcher@59f52125 main{StandardDirectoryReader(segments_1:1:nrt)}
INFO  - 2014-04-22 14:10:06.216; org.apache.solr.core.CoreContainer; registering core: collection1
INFO  - 2014-04-22 14:10:06.225; org.apache.solr.servlet.SolrDispatchFilter; user.dir=/Applications/MAMP/htdocs/vb/themes/verhalenbank
INFO  - 2014-04-22 14:10:06.225; org.apache.solr.servlet.SolrDispatchFilter; SolrDispatchFilter.init() done
INFO  - 2014-04-22 16:03:14.307; org.apache.solr.servlet.SolrDispatchFilter; [admin] webapp=null path=/admin/cores params={indexInfo=false&_=1398175394298&wt=json} status=0 QTime=5 
INFO  - 2014-04-22 16:03:14.597; org.apache.solr.servlet.SolrDispatchFilter; [admin] webapp=null path=/admin/info/system params={_=1398175394391&wt=json} status=0 QTime=204 
INFO  - 2014-04-22 16:03:16.985; org.apache.solr.servlet.SolrDispatchFilter; [admin] webapp=null path=/admin/cores params={_=1398175396980&wt=json} status=0 QTime=3 
INFO  - 2014-04-22 16:03:17.040; org.apache.solr.servlet.SolrDispatchFilter; [admin] webapp=null path=/admin/cores params={_=1398175397005&wt=json} status=0 QTime=1 
INFO  - 2014-04-22 16:03:21.991; org.apache.solr.core.CoreContainer; Creating SolrCore 'omeka' using instanceDir: /Applications/MAMP/solr4.6/omeka
INFO  - 2014-04-22 16:03:21.992; org.apache.solr.core.SolrResourceLoader; new SolrResourceLoader for directory: '/Applications/MAMP/solr4.6/omeka/'
INFO  - 2014-04-22 16:03:22.075; org.apache.solr.core.SolrConfig; Adding specified lib dirs to ClassLoader
WARN  - 2014-04-22 16:03:22.075; org.apache.solr.core.SolrResourceLoader; Can't find (or read) directory to add to classloader: ../../../contrib/extraction/lib (resolved as: /Applications/MAMP/solr4.6/omeka/../../../contrib/extraction/lib).
WARN  - 2014-04-22 16:03:22.076; org.apache.solr.core.SolrResourceLoader; Can't find (or read) directory to add to classloader: ../../../dist/ (resolved as: /Applications/MAMP/solr4.6/omeka/../../../dist).
WARN  - 2014-04-22 16:03:22.076; org.apache.solr.core.SolrResourceLoader; Can't find (or read) directory to add to classloader: ../../../contrib/clustering/lib/ (resolved as: /Applications/MAMP/solr4.6/omeka/../../../contrib/clustering/lib).
WARN  - 2014-04-22 16:03:22.076; org.apache.solr.core.SolrResourceLoader; Can't find (or read) directory to add to classloader: ../../../dist/ (resolved as: /Applications/MAMP/solr4.6/omeka/../../../dist).
WARN  - 2014-04-22 16:03:22.077; org.apache.solr.core.SolrResourceLoader; Can't find (or read) directory to add to classloader: ../../../contrib/langid/lib/ (resolved as: /Applications/MAMP/solr4.6/omeka/../../../contrib/langid/lib).
WARN  - 2014-04-22 16:03:22.077; org.apache.solr.core.SolrResourceLoader; Can't find (or read) directory to add to classloader: ../../../dist/ (resolved as: /Applications/MAMP/solr4.6/omeka/../../../dist).
WARN  - 2014-04-22 16:03:22.077; org.apache.solr.core.SolrResourceLoader; Can't find (or read) directory to add to classloader: ../../../contrib/velocity/lib (resolved as: /Applications/MAMP/solr4.6/omeka/../../../contrib/velocity/lib).
WARN  - 2014-04-22 16:03:22.077; org.apache.solr.core.SolrResourceLoader; Can't find (or read) directory to add to classloader: ../../../dist/ (resolved as: /Applications/MAMP/solr4.6/omeka/../../../dist).
INFO  - 2014-04-22 16:03:22.109; org.apache.solr.update.SolrIndexConfig; IndexWriter infoStream solr logging is enabled
INFO  - 2014-04-22 16:03:22.112; org.apache.solr.core.SolrConfig; Using Lucene MatchVersion: LUCENE_46
INFO  - 2014-04-22 16:03:22.162; org.apache.solr.core.SolrConfig; Loaded SolrConfig: solrconfig.xml
INFO  - 2014-04-22 16:03:22.163; org.apache.solr.schema.IndexSchema; Reading Solr Schema from schema.xml
INFO  - 2014-04-22 16:03:22.231; org.apache.solr.schema.IndexSchema; [omeka] Schema name=SolrSearch
INFO  - 2014-04-22 16:03:22.512; org.apache.solr.schema.IndexSchema; unique key field: id
INFO  - 2014-04-22 16:03:23.077; org.apache.solr.schema.FileExchangeRateProvider; Reloading exchange rates from file currency.xml
INFO  - 2014-04-22 16:03:23.356; org.apache.solr.schema.FileExchangeRateProvider; Reloading exchange rates from file currency.xml
INFO  - 2014-04-22 16:03:23.571; org.apache.solr.core.SolrCore; solr.NRTCachingDirectoryFactory
INFO  - 2014-04-22 16:03:23.572; org.apache.solr.core.SolrCore; [omeka] Opening new SolrCore at /Applications/MAMP/solr4.6/omeka/, dataDir=/Applications/MAMP/solr4.6/omeka/data/
INFO  - 2014-04-22 16:03:23.572; org.apache.solr.core.JmxMonitoredMap; JMX monitoring is enabled. Adding Solr mbeans to JMX Server: com.sun.jmx.mbeanserver.JmxMBeanServer@624b035d
INFO  - 2014-04-22 16:03:23.573; org.apache.solr.core.SolrCore; [omeka] Added SolrEventListener for newSearcher: org.apache.solr.core.QuerySenderListener{queries=[]}
INFO  - 2014-04-22 16:03:23.573; org.apache.solr.core.SolrCore; [omeka] Added SolrEventListener for firstSearcher: org.apache.solr.core.QuerySenderListener{queries=[{q=static firstSearcher warming in solrconfig.xml}]}
INFO  - 2014-04-22 16:03:23.574; org.apache.solr.core.CachingDirectoryFactory; return new directory for /Applications/MAMP/solr4.6/omeka/data
INFO  - 2014-04-22 16:03:23.587; org.apache.solr.core.SolrCore; New index directory detected: old=null new=/Applications/MAMP/solr4.6/omeka/data/index/
INFO  - 2014-04-22 16:03:23.649; org.apache.solr.core.CachingDirectoryFactory; return new directory for /Applications/MAMP/solr4.6/omeka/data/index
INFO  - 2014-04-22 16:03:23.649; org.apache.solr.core.SolrCore; created json: solr.JSONResponseWriter
INFO  - 2014-04-22 16:03:23.650; org.apache.solr.core.SolrCore; adding lazy queryResponseWriter: solr.VelocityResponseWriter
INFO  - 2014-04-22 16:03:23.650; org.apache.solr.core.SolrCore; created velocity: solr.VelocityResponseWriter
INFO  - 2014-04-22 16:03:23.650; org.apache.solr.core.SolrCore; created xslt: solr.XSLTResponseWriter
INFO  - 2014-04-22 16:03:23.651; org.apache.solr.response.XSLTResponseWriter; xsltCacheLifetimeSeconds=5
INFO  - 2014-04-22 16:03:23.656; org.apache.solr.core.SolrCore; no updateRequestProcessorChain defined as default, creating implicit default
INFO  - 2014-04-22 16:03:23.657; org.apache.solr.core.RequestHandlers; created /select: solr.SearchHandler
INFO  - 2014-04-22 16:03:23.658; org.apache.solr.core.RequestHandlers; created /query: solr.SearchHandler
INFO  - 2014-04-22 16:03:23.659; org.apache.solr.core.RequestHandlers; created /get: solr.RealTimeGetHandler
INFO  - 2014-04-22 16:03:23.661; org.apache.solr.core.RequestHandlers; created /browse: solr.SearchHandler
INFO  - 2014-04-22 16:03:23.662; org.apache.solr.core.RequestHandlers; created /update: solr.UpdateRequestHandler
INFO  - 2014-04-22 16:03:23.663; org.apache.solr.core.RequestHandlers; created /update/json: solr.JsonUpdateRequestHandler
INFO  - 2014-04-22 16:03:23.664; org.apache.solr.core.RequestHandlers; created /update/csv: solr.CSVRequestHandler
INFO  - 2014-04-22 16:03:23.665; org.apache.solr.core.RequestHandlers; adding lazy requestHandler: solr.extraction.ExtractingRequestHandler
INFO  - 2014-04-22 16:03:23.665; org.apache.solr.core.RequestHandlers; created /update/extract: solr.extraction.ExtractingRequestHandler
INFO  - 2014-04-22 16:03:23.665; org.apache.solr.core.RequestHandlers; adding lazy requestHandler: solr.FieldAnalysisRequestHandler
INFO  - 2014-04-22 16:03:23.665; org.apache.solr.core.RequestHandlers; created /analysis/field: solr.FieldAnalysisRequestHandler
INFO  - 2014-04-22 16:03:23.666; org.apache.solr.core.RequestHandlers; adding lazy requestHandler: solr.DocumentAnalysisRequestHandler
INFO  - 2014-04-22 16:03:23.666; org.apache.solr.core.RequestHandlers; created /analysis/document: solr.DocumentAnalysisRequestHandler
INFO  - 2014-04-22 16:03:23.666; org.apache.solr.core.RequestHandlers; created /admin/: solr.admin.AdminHandlers
INFO  - 2014-04-22 16:03:23.667; org.apache.solr.core.RequestHandlers; created /admin/ping: solr.PingRequestHandler
INFO  - 2014-04-22 16:03:23.668; org.apache.solr.core.RequestHandlers; created /debug/dump: solr.DumpRequestHandler
INFO  - 2014-04-22 16:03:23.668; org.apache.solr.core.RequestHandlers; created /replication: solr.ReplicationHandler
INFO  - 2014-04-22 16:03:23.669; org.apache.solr.core.RequestHandlers; adding lazy requestHandler: solr.SearchHandler
INFO  - 2014-04-22 16:03:23.669; org.apache.solr.core.RequestHandlers; created /spell: solr.SearchHandler
INFO  - 2014-04-22 16:03:23.669; org.apache.solr.core.RequestHandlers; adding lazy requestHandler: solr.SearchHandler
INFO  - 2014-04-22 16:03:23.669; org.apache.solr.core.RequestHandlers; created /tvrh: solr.SearchHandler
INFO  - 2014-04-22 16:03:23.669; org.apache.solr.core.RequestHandlers; adding lazy requestHandler: org.apache.solr.handler.js.JavaScriptRequestHandler
INFO  - 2014-04-22 16:03:23.670; org.apache.solr.core.RequestHandlers; created /js: org.apache.solr.handler.js.JavaScriptRequestHandler
INFO  - 2014-04-22 16:03:23.670; org.apache.solr.core.RequestHandlers; adding lazy requestHandler: solr.SearchHandler
INFO  - 2014-04-22 16:03:23.670; org.apache.solr.core.RequestHandlers; created /terms: solr.SearchHandler
INFO  - 2014-04-22 16:03:23.670; org.apache.solr.core.RequestHandlers; adding lazy requestHandler: solr.SearchHandler
INFO  - 2014-04-22 16:03:23.670; org.apache.solr.core.RequestHandlers; created /elevate: solr.SearchHandler
INFO  - 2014-04-22 16:03:23.671; org.apache.solr.handler.loader.XMLLoader; xsltCacheLifetimeSeconds=60
INFO  - 2014-04-22 16:03:23.671; org.apache.solr.handler.loader.XMLLoader; xsltCacheLifetimeSeconds=60
INFO  - 2014-04-22 16:03:23.672; org.apache.solr.handler.loader.XMLLoader; xsltCacheLifetimeSeconds=60
INFO  - 2014-04-22 16:03:23.810; org.apache.solr.update.CommitTracker; Hard AutoCommit: if uncommited for 15000ms; 
INFO  - 2014-04-22 16:03:23.811; org.apache.solr.update.CommitTracker; Soft AutoCommit: disabled
INFO  - 2014-04-22 16:03:24.253; org.apache.solr.core.SolrDeletionPolicy; SolrDeletionPolicy.onInit: commits: num=1
	commit{dir=NRTCachingDirectory(org.apache.lucene.store.NIOFSDirectory@/Applications/MAMP/solr4.6/omeka/data/index lockFactory=org.apache.lucene.store.NativeFSLockFactory@cfefc0; maxCacheMB=48.0 maxMergeSizeMB=4.0),segFN=segments_2u,generation=102}
INFO  - 2014-04-22 16:03:24.254; org.apache.solr.core.SolrDeletionPolicy; newest commit generation = 102
INFO  - 2014-04-22 16:03:24.481; org.apache.solr.search.SolrIndexSearcher; Opening Searcher@3d689405 main
INFO  - 2014-04-22 16:03:24.482; org.apache.solr.handler.component.SpellCheckComponent; Initializing spell checkers
INFO  - 2014-04-22 16:03:24.482; org.apache.solr.spelling.DirectSolrSpellChecker; init: {name=default,field=text,classname=solr.DirectSolrSpellChecker,distanceMeasure=internal,accuracy=0.5,maxEdits=2,minPrefix=1,maxInspections=5,minQueryLength=4,maxQueryFrequency=0.01}
INFO  - 2014-04-22 16:03:24.483; org.apache.solr.handler.component.SpellCheckComponent; No queryConverter defined, using default converter
INFO  - 2014-04-22 16:03:24.483; org.apache.solr.handler.component.QueryElevationComponent; Loading QueryElevation from: /Applications/MAMP/solr4.6/omeka/conf/elevate.xml
INFO  - 2014-04-22 16:03:24.523; org.apache.solr.handler.ReplicationHandler; Commits will be reserved for  10000
INFO  - 2014-04-22 16:03:24.524; org.apache.solr.core.QuerySenderListener; QuerySenderListener sending requests to Searcher@3d689405 main{StandardDirectoryReader(segments_2u:329:nrt _4j(4.6):C49386)}
INFO  - 2014-04-22 16:03:24.647; org.apache.solr.core.SolrCore; [omeka] webapp=null path=null params={event=firstSearcher&q=static+firstSearcher+warming+in+solrconfig.xml&distrib=false} hits=502 status=0 QTime=123 
INFO  - 2014-04-22 16:03:24.706; org.apache.solr.core.QuerySenderListener; QuerySenderListener done.
INFO  - 2014-04-22 16:03:24.707; org.apache.solr.handler.component.SpellCheckComponent$SpellCheckerListener; Loading spell index for spellchecker: default
INFO  - 2014-04-22 16:03:24.707; org.apache.solr.handler.component.SpellCheckComponent$SpellCheckerListener; Loading spell index for spellchecker: wordbreak
INFO  - 2014-04-22 16:03:24.709; org.apache.solr.core.SolrCore; [omeka] Registered new searcher Searcher@3d689405 main{StandardDirectoryReader(segments_2u:329:nrt _4j(4.6):C49386)}
INFO  - 2014-04-22 16:03:24.712; org.apache.solr.core.CoreContainer; registering core: omeka
INFO  - 2014-04-22 16:03:24.713; org.apache.solr.servlet.SolrDispatchFilter; [admin] webapp=null path=/admin/cores params={schema=schema.xml&shard=&instanceDir=omeka&indexInfo=false&name=omeka&action=CREATE&config=solrconfig.xml&_=1398175401944&collection=&dataDir=data&wt=json} status=0 QTime=2766 
INFO  - 2014-04-22 16:03:24.721; org.apache.solr.servlet.SolrDispatchFilter; [admin] webapp=null path=/admin/cores params={_=1398175404718&wt=json} status=0 QTime=1 
INFO  - 2014-04-22 16:03:28.619; org.apache.solr.servlet.SolrDispatchFilter; [admin] webapp=null path=/admin/cores params={_=1398175408591&wt=json} status=0 QTime=1 
INFO  - 2014-04-22 16:03:47.201; org.apache.solr.request.UnInvertedField; UnInverted multi-valued field {field=tag,memSize=1568722,tindexSize=5071,time=431,phase1=418,nTerms=38812,bigTerms=12,termInstances=623518,uses=0}
INFO  - 2014-04-22 16:03:47.299; org.apache.solr.request.UnInvertedField; UnInverted multi-valued field {field=37_s,memSize=201880,tindexSize=48,time=45,phase1=44,nTerms=18,bigTerms=0,termInstances=1826,uses=0}
INFO  - 2014-04-22 16:03:47.407; org.apache.solr.request.UnInvertedField; UnInverted multi-valued field {field=39_s,memSize=295879,tindexSize=451,time=107,phase1=104,nTerms=3956,bigTerms=5,termInstances=89272,uses=0}
INFO  - 2014-04-22 16:03:47.425; org.apache.solr.request.UnInvertedField; UnInverted multi-valued field {field=44_s,memSize=202493,tindexSize=55,time=14,phase1=12,nTerms=133,bigTerms=6,termInstances=7982,uses=0}
INFO  - 2014-04-22 16:03:47.432; org.apache.solr.request.UnInvertedField; UnInverted multi-valued field {field=47_s,memSize=201968,tindexSize=42,time=6,phase1=5,nTerms=2,bigTerms=1,termInstances=1038,uses=0}
INFO  - 2014-04-22 16:03:47.462; org.apache.solr.request.UnInvertedField; UnInverted multi-valued field {field=49_s,memSize=208621,tindexSize=206,time=29,phase1=28,nTerms=1677,bigTerms=3,termInstances=29922,uses=0}
INFO  - 2014-04-22 16:03:47.473; org.apache.solr.request.UnInvertedField; UnInverted multi-valued field {field=52_s,memSize=220573,tindexSize=372,time=9,phase1=7,nTerms=3097,bigTerms=0,termInstances=6080,uses=0}
INFO  - 2014-04-22 16:03:47.518; org.apache.solr.request.UnInvertedField; UnInverted multi-valued field {field=58_s,memSize=202284,tindexSize=55,time=43,phase1=41,nTerms=13,bigTerms=4,termInstances=4979,uses=0}
INFO  - 2014-04-22 16:03:47.575; org.apache.solr.request.UnInvertedField; UnInverted multi-valued field {field=60_s,memSize=255395,tindexSize=335,time=56,phase1=56,nTerms=2705,bigTerms=5,termInstances=55126,uses=0}
INFO  - 2014-04-22 16:03:47.579; org.apache.solr.request.UnInvertedField; UnInverted multi-valued field {field=61_s,memSize=201971,tindexSize=44,time=2,phase1=2,nTerms=11,bigTerms=1,termInstances=2661,uses=0}
INFO  - 2014-04-22 16:03:47.581; org.apache.solr.request.UnInvertedField; UnInverted multi-valued field {field=62_s,memSize=201969,tindexSize=42,time=1,phase1=1,nTerms=2,bigTerms=1,termInstances=741,uses=0}
INFO  - 2014-04-22 16:03:47.587; org.apache.solr.request.UnInvertedField; UnInverted multi-valued field {field=67_s,memSize=202929,tindexSize=79,time=5,phase1=5,nTerms=425,bigTerms=2,termInstances=32827,uses=0}
INFO  - 2014-04-22 16:03:47.594; org.apache.solr.request.UnInvertedField; UnInverted multi-valued field {field=84_s,memSize=201873,tindexSize=41,time=5,phase1=5,nTerms=2,bigTerms=0,termInstances=9,uses=0}
INFO  - 2014-04-22 16:03:47.937; org.apache.solr.core.SolrCore; [omeka] webapp=/solr path=/select params={hl.fragsize=250&facet=true&facet.mincount=1&facet.limit=25&hl.fl=*_s&json.nl=map&wt=json&hl=true&rows=25&hl.snippets=1&facet.sort=count&start=0&q=test&facet.field=tag&facet.field=collection&facet.field=itemtype&facet.field=resulttype&facet.field=37_s&facet.field=39_s&facet.field=44_s&facet.field=47_s&facet.field=49_s&facet.field=52_s&facet.field=58_s&facet.field=60_s&facet.field=61_s&facet.field=62_s&facet.field=67_s&facet.field=84_s} hits=210 status=0 QTime=1227 
INFO  - 2014-04-22 16:04:06.617; org.apache.solr.core.SolrCore; [omeka] webapp=/solr path=/select params={hl.fragsize=250&facet=true&facet.mincount=1&facet.limit=25&hl.fl=*_s&json.nl=map&wt=json&hl=true&rows=25&hl.snippets=1&facet.sort=count&start=0&q=test+AND+49_s:"6027"&facet.field=tag&facet.field=collection&facet.field=itemtype&facet.field=resulttype&facet.field=37_s&facet.field=39_s&facet.field=44_s&facet.field=47_s&facet.field=49_s&facet.field=52_s&facet.field=58_s&facet.field=60_s&facet.field=61_s&facet.field=62_s&facet.field=67_s&facet.field=84_s} hits=9 status=0 QTime=219 
INFO  - 2014-04-22 16:10:14.920; org.apache.solr.core.SolrCore; [omeka] webapp=/solr path=/admin/ping params={} hits=0 status=0 QTime=7 
INFO  - 2014-04-22 16:10:14.920; org.apache.solr.core.SolrCore; [omeka] webapp=/solr path=/admin/ping params={} status=0 QTime=7 
INFO  - 2014-04-22 16:10:19.564; org.apache.solr.search.SolrIndexSearcher; Opening Searcher@19d2052b realtime
INFO  - 2014-04-22 16:10:19.566; org.apache.solr.update.processor.LogUpdateProcessor; [omeka] webapp=/solr path=/update params={wt=json} {deleteByQuery=*:* (-1466093608014708736)} 0 191
INFO  - 2014-04-22 16:10:19.568; org.apache.solr.update.DirectUpdateHandler2; start commit{,optimize=false,openSearcher=true,waitSearcher=true,expungeDeletes=false,softCommit=false,prepareCommit=false}
INFO  - 2014-04-22 16:10:19.601; org.apache.solr.core.SolrDeletionPolicy; SolrDeletionPolicy.onCommit: commits: num=2
	commit{dir=NRTCachingDirectory(org.apache.lucene.store.NIOFSDirectory@/Applications/MAMP/solr4.6/omeka/data/index lockFactory=org.apache.lucene.store.NativeFSLockFactory@cfefc0; maxCacheMB=48.0 maxMergeSizeMB=4.0),segFN=segments_2u,generation=102}
	commit{dir=NRTCachingDirectory(org.apache.lucene.store.NIOFSDirectory@/Applications/MAMP/solr4.6/omeka/data/index lockFactory=org.apache.lucene.store.NativeFSLockFactory@cfefc0; maxCacheMB=48.0 maxMergeSizeMB=4.0),segFN=segments_2v,generation=103}
INFO  - 2014-04-22 16:10:19.601; org.apache.solr.core.SolrDeletionPolicy; newest commit generation = 103
INFO  - 2014-04-22 16:10:19.603; org.apache.solr.search.SolrIndexSearcher; Opening Searcher@1af6a711 main
INFO  - 2014-04-22 16:10:19.605; org.apache.solr.update.DirectUpdateHandler2; end_commit_flush
INFO  - 2014-04-22 16:10:19.605; org.apache.solr.core.QuerySenderListener; QuerySenderListener sending requests to Searcher@1af6a711 main{StandardDirectoryReader(segments_2u:331:nrt)}
INFO  - 2014-04-22 16:10:19.605; org.apache.solr.core.QuerySenderListener; QuerySenderListener done.
INFO  - 2014-04-22 16:10:19.609; org.apache.solr.core.SolrCore; [omeka] Registered new searcher Searcher@1af6a711 main{StandardDirectoryReader(segments_2u:331:nrt)}
INFO  - 2014-04-22 16:10:19.612; org.apache.solr.update.processor.LogUpdateProcessor; [omeka] webapp=/solr path=/update params={wt=json} {commit=} 0 44
INFO  - 2014-04-22 16:10:19.614; org.apache.solr.update.DirectUpdateHandler2; start commit{,optimize=true,openSearcher=true,waitSearcher=true,expungeDeletes=false,softCommit=false,prepareCommit=false}
INFO  - 2014-04-22 16:10:19.616; org.apache.solr.update.DirectUpdateHandler2; No uncommitted changes. Skipping IW.commit.
INFO  - 2014-04-22 16:10:19.616; org.apache.solr.search.SolrIndexSearcher; Opening Searcher@49dc11af main
INFO  - 2014-04-22 16:10:19.617; org.apache.solr.update.DirectUpdateHandler2; end_commit_flush
INFO  - 2014-04-22 16:10:19.617; org.apache.solr.core.QuerySenderListener; QuerySenderListener sending requests to Searcher@49dc11af main{StandardDirectoryReader(segments_2u:331:nrt)}
INFO  - 2014-04-22 16:10:19.617; org.apache.solr.core.QuerySenderListener; QuerySenderListener done.
INFO  - 2014-04-22 16:10:19.621; org.apache.solr.core.SolrCore; [omeka] Registered new searcher Searcher@49dc11af main{StandardDirectoryReader(segments_2u:331:nrt)}
INFO  - 2014-04-22 16:10:19.621; org.apache.solr.update.processor.LogUpdateProcessor; [omeka] webapp=/solr path=/update params={wt=json} {optimize=} 0 7
INFO  - 2014-04-22 16:10:20.145; org.apache.solr.update.processor.LogUpdateProcessor; [omeka] webapp=/solr path=/update params={wt=json} {} 0 5
ERROR - 2014-04-22 16:10:20.145; org.apache.solr.common.SolrException; org.apache.solr.common.SolrException: ERROR: [doc=Item_2753] unknown field 'omeka_ids_t'
	at org.apache.solr.update.DocumentBuilder.toDocument(DocumentBuilder.java:174)
	at org.apache.solr.update.AddUpdateCommand.getLuceneDocument(AddUpdateCommand.java:77)
	at org.apache.solr.update.DirectUpdateHandler2.addDoc(DirectUpdateHandler2.java:215)
	at org.apache.solr.update.processor.RunUpdateProcessor.processAdd(RunUpdateProcessorFactory.java:69)
	at org.apache.solr.update.processor.UpdateRequestProcessor.processAdd(UpdateRequestProcessor.java:51)
	at org.apache.solr.update.processor.DistributedUpdateProcessor.doLocalAdd(DistributedUpdateProcessor.java:571)
	at org.apache.solr.update.processor.DistributedUpdateProcessor.versionAdd(DistributedUpdateProcessor.java:707)
	at org.apache.solr.update.processor.DistributedUpdateProcessor.processAdd(DistributedUpdateProcessor.java:437)
	at org.apache.solr.update.processor.LogUpdateProcessor.processAdd(LogUpdateProcessorFactory.java:100)
	at org.apache.solr.handler.loader.XMLLoader.processUpdate(XMLLoader.java:247)
	at org.apache.solr.handler.loader.XMLLoader.load(XMLLoader.java:174)
	at org.apache.solr.handler.UpdateRequestHandler$1.load(UpdateRequestHandler.java:92)
	at org.apache.solr.handler.ContentStreamHandlerBase.handleRequestBody(ContentStreamHandlerBase.java:74)
	at org.apache.solr.handler.RequestHandlerBase.handleRequest(RequestHandlerBase.java:135)
	at org.apache.solr.core.SolrCore.execute(SolrCore.java:1859)
	at org.apache.solr.servlet.SolrDispatchFilter.execute(SolrDispatchFilter.java:721)
	at org.apache.solr.servlet.SolrDispatchFilter.doFilter(SolrDispatchFilter.java:417)
	at org.apache.solr.servlet.SolrDispatchFilter.doFilter(SolrDispatchFilter.java:201)
	at org.apache.catalina.core.ApplicationFilterChain.internalDoFilter(ApplicationFilterChain.java:243)
	at org.apache.catalina.core.ApplicationFilterChain.doFilter(ApplicationFilterChain.java:210)
	at org.apache.catalina.core.StandardWrapperValve.invoke(StandardWrapperValve.java:225)
	at org.apache.catalina.core.StandardContextValve.invoke(StandardContextValve.java:123)
	at org.apache.catalina.core.StandardHostValve.invoke(StandardHostValve.java:168)
	at org.apache.catalina.valves.ErrorReportValve.invoke(ErrorReportValve.java:98)
	at org.apache.catalina.valves.AccessLogValve.invoke(AccessLogValve.java:927)
	at org.apache.catalina.core.StandardEngineValve.invoke(StandardEngineValve.java:118)
	at org.apache.catalina.connector.CoyoteAdapter.service(CoyoteAdapter.java:407)
	at org.apache.coyote.http11.AbstractHttp11Processor.process(AbstractHttp11Processor.java:1001)
	at org.apache.coyote.AbstractProtocol$AbstractConnectionHandler.process(AbstractProtocol.java:579)
	at org.apache.tomcat.util.net.JIoEndpoint$SocketProcessor.run(JIoEndpoint.java:310)
	at java.util.concurrent.ThreadPoolExecutor$Worker.runTask(ThreadPoolExecutor.java:895)
	at java.util.concurrent.ThreadPoolExecutor$Worker.run(ThreadPoolExecutor.java:918)
	at java.lang.Thread.run(Thread.java:695)

INFO  - 2014-04-22 16:10:22.626; org.apache.solr.core.SolrCore; [omeka] webapp=/solr path=/admin/ping params={} hits=0 status=0 QTime=1 
INFO  - 2014-04-22 16:10:22.626; org.apache.solr.core.SolrCore; [omeka] webapp=/solr path=/admin/ping params={} status=0 QTime=1 
INFO  - 2014-04-22 16:10:24.821; org.apache.solr.core.SolrCore; [omeka] webapp=/solr path=/admin/ping params={} hits=0 status=0 QTime=1 
INFO  - 2014-04-22 16:10:24.821; org.apache.solr.core.SolrCore; [omeka] webapp=/solr path=/admin/ping params={} status=0 QTime=1 
INFO  - 2014-04-22 16:10:35.145; org.apache.solr.servlet.SolrDispatchFilter; [admin] webapp=null path=/admin/cores params={indexInfo=false&_=1398175835142&wt=json} status=0 QTime=0 
INFO  - 2014-04-22 16:10:35.211; org.apache.solr.servlet.SolrDispatchFilter; [admin] webapp=null path=/admin/info/system params={_=1398175835180&wt=json} status=0 QTime=28 
INFO  - 2014-04-22 16:10:38.062; org.apache.solr.core.SolrCore; [omeka] webapp=/solr path=/admin/file/ params={file=admin-extra.menu-top.html&_=1398175838055&contentType=text/html;charset%3Dutf-8} status=0 QTime=1 
INFO  - 2014-04-22 16:10:38.066; org.apache.solr.core.SolrCore; [omeka] webapp=/solr path=/admin/file/ params={file=admin-extra.menu-bottom.html&_=1398175838056&contentType=text/html;charset%3Dutf-8} status=0 QTime=0 
INFO  - 2014-04-22 16:10:38.123; org.apache.solr.core.SolrCore; [omeka] webapp=/solr path=/admin/luke params={numTerms=0&_=1398175838079&show=index&wt=json} status=0 QTime=2 
INFO  - 2014-04-22 16:10:38.143; org.apache.solr.core.SolrCore; [omeka] webapp=/solr path=/admin/ping params={action=status&_=1398175838092&wt=json} status=503 QTime=6 
INFO  - 2014-04-22 16:10:38.152; org.apache.solr.core.SolrCore; [omeka] webapp=/solr path=/admin/file/ params={file=admin-extra.html&_=1398175838091} status=0 QTime=15 
INFO  - 2014-04-22 16:10:38.158; org.apache.solr.core.SolrCore; [omeka] webapp=/solr path=/replication params={command=details&_=1398175838087&wt=json} status=0 QTime=21 
INFO  - 2014-04-22 16:10:38.194; org.apache.solr.core.SolrCore; [omeka] webapp=/solr path=/admin/system params={_=1398175838090&wt=json} status=0 QTime=57 
INFO  - 2014-04-22 16:10:52.196; org.apache.solr.core.SolrCore; [omeka] webapp=/solr path=/admin/ping params={} hits=0 status=0 QTime=0 
INFO  - 2014-04-22 16:10:52.197; org.apache.solr.core.SolrCore; [omeka] webapp=/solr path=/admin/ping params={} status=0 QTime=1 
INFO  - 2014-04-22 16:10:55.601; org.apache.solr.update.processor.LogUpdateProcessor; [omeka] webapp=/solr path=/update params={wt=json} {deleteByQuery=*:* (-1466093645960577024)} 0 2
INFO  - 2014-04-22 16:10:55.603; org.apache.solr.update.DirectUpdateHandler2; start commit{,optimize=false,openSearcher=true,waitSearcher=true,expungeDeletes=false,softCommit=false,prepareCommit=false}
INFO  - 2014-04-22 16:10:55.604; org.apache.solr.update.DirectUpdateHandler2; No uncommitted changes. Skipping IW.commit.
INFO  - 2014-04-22 16:10:55.604; org.apache.solr.search.SolrIndexSearcher; Opening Searcher@c137bc9 main
INFO  - 2014-04-22 16:10:55.606; org.apache.solr.update.DirectUpdateHandler2; end_commit_flush
INFO  - 2014-04-22 16:10:55.606; org.apache.solr.core.QuerySenderListener; QuerySenderListener sending requests to Searcher@c137bc9 main{StandardDirectoryReader(segments_2u:331:nrt)}
INFO  - 2014-04-22 16:10:55.607; org.apache.solr.core.QuerySenderListener; QuerySenderListener done.
INFO  - 2014-04-22 16:10:55.610; org.apache.solr.core.SolrCore; [omeka] Registered new searcher Searcher@c137bc9 main{StandardDirectoryReader(segments_2u:331:nrt)}
INFO  - 2014-04-22 16:10:55.610; org.apache.solr.update.processor.LogUpdateProcessor; [omeka] webapp=/solr path=/update params={wt=json} {commit=} 0 7
INFO  - 2014-04-22 16:10:55.612; org.apache.solr.update.DirectUpdateHandler2; start commit{,optimize=true,openSearcher=true,waitSearcher=true,expungeDeletes=false,softCommit=false,prepareCommit=false}
INFO  - 2014-04-22 16:10:55.613; org.apache.solr.update.DirectUpdateHandler2; No uncommitted changes. Skipping IW.commit.
INFO  - 2014-04-22 16:10:55.613; org.apache.solr.search.SolrIndexSearcher; Opening Searcher@611cfa21 main
INFO  - 2014-04-22 16:10:55.614; org.apache.solr.update.DirectUpdateHandler2; end_commit_flush
INFO  - 2014-04-22 16:10:55.614; org.apache.solr.core.QuerySenderListener; QuerySenderListener sending requests to Searcher@611cfa21 main{StandardDirectoryReader(segments_2u:331:nrt)}
INFO  - 2014-04-22 16:10:55.615; org.apache.solr.core.QuerySenderListener; QuerySenderListener done.
INFO  - 2014-04-22 16:10:55.617; org.apache.solr.core.SolrCore; [omeka] Registered new searcher Searcher@611cfa21 main{StandardDirectoryReader(segments_2u:331:nrt)}
INFO  - 2014-04-22 16:10:55.618; org.apache.solr.update.processor.LogUpdateProcessor; [omeka] webapp=/solr path=/update params={wt=json} {optimize=} 0 6
INFO  - 2014-04-22 16:10:55.681; org.apache.solr.update.processor.LogUpdateProcessor; [omeka] webapp=/solr path=/update params={wt=json} {} 0 2
ERROR - 2014-04-22 16:10:55.681; org.apache.solr.common.SolrException; org.apache.solr.common.SolrException: ERROR: [doc=Item_2753] unknown field 'omeka_ids_t'
	at org.apache.solr.update.DocumentBuilder.toDocument(DocumentBuilder.java:174)
	at org.apache.solr.update.AddUpdateCommand.getLuceneDocument(AddUpdateCommand.java:77)
	at org.apache.solr.update.DirectUpdateHandler2.addDoc(DirectUpdateHandler2.java:215)
	at org.apache.solr.update.processor.RunUpdateProcessor.processAdd(RunUpdateProcessorFactory.java:69)
	at org.apache.solr.update.processor.UpdateRequestProcessor.processAdd(UpdateRequestProcessor.java:51)
	at org.apache.solr.update.processor.DistributedUpdateProcessor.doLocalAdd(DistributedUpdateProcessor.java:571)
	at org.apache.solr.update.processor.DistributedUpdateProcessor.versionAdd(DistributedUpdateProcessor.java:707)
	at org.apache.solr.update.processor.DistributedUpdateProcessor.processAdd(DistributedUpdateProcessor.java:437)
	at org.apache.solr.update.processor.LogUpdateProcessor.processAdd(LogUpdateProcessorFactory.java:100)
	at org.apache.solr.handler.loader.XMLLoader.processUpdate(XMLLoader.java:247)
	at org.apache.solr.handler.loader.XMLLoader.load(XMLLoader.java:174)
	at org.apache.solr.handler.UpdateRequestHandler$1.load(UpdateRequestHandler.java:92)
	at org.apache.solr.handler.ContentStreamHandlerBase.handleRequestBody(ContentStreamHandlerBase.java:74)
	at org.apache.solr.handler.RequestHandlerBase.handleRequest(RequestHandlerBase.java:135)
	at org.apache.solr.core.SolrCore.execute(SolrCore.java:1859)
	at org.apache.solr.servlet.SolrDispatchFilter.execute(SolrDispatchFilter.java:721)
	at org.apache.solr.servlet.SolrDispatchFilter.doFilter(SolrDispatchFilter.java:417)
	at org.apache.solr.servlet.SolrDispatchFilter.doFilter(SolrDispatchFilter.java:201)
	at org.apache.catalina.core.ApplicationFilterChain.internalDoFilter(ApplicationFilterChain.java:243)
	at org.apache.catalina.core.ApplicationFilterChain.doFilter(ApplicationFilterChain.java:210)
	at org.apache.catalina.core.StandardWrapperValve.invoke(StandardWrapperValve.java:225)
	at org.apache.catalina.core.StandardContextValve.invoke(StandardContextValve.java:123)
	at org.apache.catalina.core.StandardHostValve.invoke(StandardHostValve.java:168)
	at org.apache.catalina.valves.ErrorReportValve.invoke(ErrorReportValve.java:98)
	at org.apache.catalina.valves.AccessLogValve.invoke(AccessLogValve.java:927)
	at org.apache.catalina.core.StandardEngineValve.invoke(StandardEngineValve.java:118)
	at org.apache.catalina.connector.CoyoteAdapter.service(CoyoteAdapter.java:407)
	at org.apache.coyote.http11.AbstractHttp11Processor.process(AbstractHttp11Processor.java:1001)
	at org.apache.coyote.AbstractProtocol$AbstractConnectionHandler.process(AbstractProtocol.java:579)
	at org.apache.tomcat.util.net.JIoEndpoint$SocketProcessor.run(JIoEndpoint.java:310)
	at java.util.concurrent.ThreadPoolExecutor$Worker.runTask(ThreadPoolExecutor.java:895)
	at java.util.concurrent.ThreadPoolExecutor$Worker.run(ThreadPoolExecutor.java:918)
	at java.lang.Thread.run(Thread.java:695)

INFO  - 2014-04-22 16:11:38.362; org.apache.solr.update.processor.LogUpdateProcessor; [omeka] webapp=/solr path=/update params={wt=json} {deleteByQuery=*:* (-1466093690799783936)} 0 2
INFO  - 2014-04-22 16:11:38.364; org.apache.solr.update.DirectUpdateHandler2; start commit{,optimize=false,openSearcher=true,waitSearcher=true,expungeDeletes=false,softCommit=false,prepareCommit=false}
INFO  - 2014-04-22 16:11:38.365; org.apache.solr.update.DirectUpdateHandler2; No uncommitted changes. Skipping IW.commit.
INFO  - 2014-04-22 16:11:38.365; org.apache.solr.search.SolrIndexSearcher; Opening Searcher@7e1eb84f main
INFO  - 2014-04-22 16:11:38.366; org.apache.solr.core.QuerySenderListener; QuerySenderListener sending requests to Searcher@7e1eb84f main{StandardDirectoryReader(segments_2u:331:nrt)}
INFO  - 2014-04-22 16:11:38.367; org.apache.solr.update.DirectUpdateHandler2; end_commit_flush
INFO  - 2014-04-22 16:11:38.367; org.apache.solr.core.QuerySenderListener; QuerySenderListener done.
INFO  - 2014-04-22 16:11:38.370; org.apache.solr.core.SolrCore; [omeka] Registered new searcher Searcher@7e1eb84f main{StandardDirectoryReader(segments_2u:331:nrt)}
INFO  - 2014-04-22 16:11:38.371; org.apache.solr.update.processor.LogUpdateProcessor; [omeka] webapp=/solr path=/update params={wt=json} {commit=} 0 7
INFO  - 2014-04-22 16:11:38.373; org.apache.solr.update.DirectUpdateHandler2; start commit{,optimize=true,openSearcher=true,waitSearcher=true,expungeDeletes=false,softCommit=false,prepareCommit=false}
INFO  - 2014-04-22 16:11:38.374; org.apache.solr.update.DirectUpdateHandler2; No uncommitted changes. Skipping IW.commit.
INFO  - 2014-04-22 16:11:38.374; org.apache.solr.search.SolrIndexSearcher; Opening Searcher@2b9cd6b6 main
INFO  - 2014-04-22 16:11:38.375; org.apache.solr.update.DirectUpdateHandler2; end_commit_flush
INFO  - 2014-04-22 16:11:38.375; org.apache.solr.core.QuerySenderListener; QuerySenderListener sending requests to Searcher@2b9cd6b6 main{StandardDirectoryReader(segments_2u:331:nrt)}
INFO  - 2014-04-22 16:11:38.375; org.apache.solr.core.QuerySenderListener; QuerySenderListener done.
INFO  - 2014-04-22 16:11:38.381; org.apache.solr.core.SolrCore; [omeka] Registered new searcher Searcher@2b9cd6b6 main{StandardDirectoryReader(segments_2u:331:nrt)}
INFO  - 2014-04-22 16:11:38.382; org.apache.solr.update.processor.LogUpdateProcessor; [omeka] webapp=/solr path=/update params={wt=json} {optimize=} 0 9
INFO  - 2014-04-22 16:11:47.918; org.apache.solr.core.SolrCore; [omeka] webapp=/solr path=/admin/ping params={} hits=0 status=0 QTime=1 
INFO  - 2014-04-22 16:11:47.918; org.apache.solr.core.SolrCore; [omeka] webapp=/solr path=/admin/ping params={} status=0 QTime=1 
INFO  - 2014-04-22 16:11:52.964; org.apache.solr.core.SolrCore; [omeka] webapp=/solr path=/admin/ping params={} hits=0 status=0 QTime=0 
INFO  - 2014-04-22 16:11:52.965; org.apache.solr.core.SolrCore; [omeka] webapp=/solr path=/admin/ping params={} status=0 QTime=1 
INFO  - 2014-04-22 16:11:55.268; org.apache.solr.core.SolrCore; [omeka] webapp=/solr path=/admin/ping params={} hits=0 status=0 QTime=0 
INFO  - 2014-04-22 16:11:55.269; org.apache.solr.core.SolrCore; [omeka] webapp=/solr path=/admin/ping params={} status=0 QTime=1 
INFO  - 2014-04-22 16:12:25.356; org.apache.solr.update.processor.LogUpdateProcessor; [omeka] webapp=/solr path=/update params={wt=json} {deleteByQuery=*:* (-1466093740076564480)} 0 2
INFO  - 2014-04-22 16:12:25.358; org.apache.solr.update.DirectUpdateHandler2; start commit{,optimize=false,openSearcher=true,waitSearcher=true,expungeDeletes=false,softCommit=false,prepareCommit=false}
INFO  - 2014-04-22 16:12:25.358; org.apache.solr.update.DirectUpdateHandler2; No uncommitted changes. Skipping IW.commit.
INFO  - 2014-04-22 16:12:25.359; org.apache.solr.search.SolrIndexSearcher; Opening Searcher@60354949 main
INFO  - 2014-04-22 16:12:25.359; org.apache.solr.update.DirectUpdateHandler2; end_commit_flush
INFO  - 2014-04-22 16:12:25.359; org.apache.solr.core.QuerySenderListener; QuerySenderListener sending requests to Searcher@60354949 main{StandardDirectoryReader(segments_2u:331:nrt)}
INFO  - 2014-04-22 16:12:25.360; org.apache.solr.core.QuerySenderListener; QuerySenderListener done.
INFO  - 2014-04-22 16:12:25.362; org.apache.solr.core.SolrCore; [omeka] Registered new searcher Searcher@60354949 main{StandardDirectoryReader(segments_2u:331:nrt)}
INFO  - 2014-04-22 16:12:25.362; org.apache.solr.update.processor.LogUpdateProcessor; [omeka] webapp=/solr path=/update params={wt=json} {commit=} 0 4
INFO  - 2014-04-22 16:12:25.365; org.apache.solr.update.DirectUpdateHandler2; start commit{,optimize=true,openSearcher=true,waitSearcher=true,expungeDeletes=false,softCommit=false,prepareCommit=false}
INFO  - 2014-04-22 16:12:25.365; org.apache.solr.update.DirectUpdateHandler2; No uncommitted changes. Skipping IW.commit.
INFO  - 2014-04-22 16:12:25.366; org.apache.solr.search.SolrIndexSearcher; Opening Searcher@2a0f3b83 main
INFO  - 2014-04-22 16:12:25.366; org.apache.solr.update.DirectUpdateHandler2; end_commit_flush
INFO  - 2014-04-22 16:12:25.366; org.apache.solr.core.QuerySenderListener; QuerySenderListener sending requests to Searcher@2a0f3b83 main{StandardDirectoryReader(segments_2u:331:nrt)}
INFO  - 2014-04-22 16:12:25.367; org.apache.solr.core.QuerySenderListener; QuerySenderListener done.
INFO  - 2014-04-22 16:12:25.368; org.apache.solr.core.SolrCore; [omeka] Registered new searcher Searcher@2a0f3b83 main{StandardDirectoryReader(segments_2u:331:nrt)}
INFO  - 2014-04-22 16:12:25.369; org.apache.solr.update.processor.LogUpdateProcessor; [omeka] webapp=/solr path=/update params={wt=json} {optimize=} 0 4
INFO  - 2014-04-22 16:14:25.159; org.apache.solr.servlet.SolrDispatchFilter; [admin] webapp=null path=/admin/cores params={_=1398176065155&wt=json} status=0 QTime=1 
INFO  - 2014-04-22 16:14:25.207; org.apache.solr.servlet.SolrDispatchFilter; [admin] webapp=null path=/admin/cores params={_=1398176065173&wt=json} status=0 QTime=1 
INFO  - 2014-04-22 16:14:26.441; org.apache.solr.servlet.SolrDispatchFilter; [admin] webapp=null path=/admin/cores params={_=1398176066408&wt=json} status=0 QTime=1 
INFO  - 2014-04-22 16:14:29.796; org.apache.solr.core.SolrCore; [omeka]  CLOSING SolrCore org.apache.solr.core.SolrCore@2d7fc1e7
INFO  - 2014-04-22 16:14:29.806; org.apache.solr.update.DirectUpdateHandler2; closing DirectUpdateHandler2{commits=4,autocommit maxTime=15000ms,autocommits=0,soft autocommits=0,optimizes=4,rollbacks=0,expungeDeletes=0,docsPending=0,adds=0,deletesById=0,deletesByQuery=0,errors=2,cumulative_adds=2,cumulative_deletesById=0,cumulative_deletesByQuery=4,cumulative_errors=2}
INFO  - 2014-04-22 16:14:29.807; org.apache.solr.update.SolrCoreState; Closing SolrCoreState
INFO  - 2014-04-22 16:14:29.807; org.apache.solr.update.DefaultSolrCoreState; SolrCoreState ref count has reached 0 - closing IndexWriter
INFO  - 2014-04-22 16:14:29.807; org.apache.solr.update.DefaultSolrCoreState; closing IndexWriter with IndexWriterCloser
INFO  - 2014-04-22 16:14:29.843; org.apache.solr.core.SolrCore; [omeka] Closing main searcher on request.
INFO  - 2014-04-22 16:14:29.844; org.apache.solr.core.CachingDirectoryFactory; Closing NRTCachingDirectoryFactory - 2 directories currently being tracked
INFO  - 2014-04-22 16:14:29.844; org.apache.solr.core.CachingDirectoryFactory; looking to close /Applications/MAMP/solr4.6/omeka/data/index [CachedDir<<refCount=0;path=/Applications/MAMP/solr4.6/omeka/data/index;done=false>>]
INFO  - 2014-04-22 16:14:29.845; org.apache.solr.core.CachingDirectoryFactory; Closing directory: /Applications/MAMP/solr4.6/omeka/data/index
INFO  - 2014-04-22 16:14:29.845; org.apache.solr.core.CachingDirectoryFactory; looking to close /Applications/MAMP/solr4.6/omeka/data [CachedDir<<refCount=0;path=/Applications/MAMP/solr4.6/omeka/data;done=false>>]
INFO  - 2014-04-22 16:14:29.845; org.apache.solr.core.CachingDirectoryFactory; Closing directory: /Applications/MAMP/solr4.6/omeka/data
INFO  - 2014-04-22 16:14:29.846; org.apache.solr.servlet.SolrDispatchFilter; [admin] webapp=null path=/admin/cores params={action=UNLOAD&_=1398176069791&core=omeka&wt=json} status=0 QTime=51 
INFO  - 2014-04-22 16:14:29.855; org.apache.solr.servlet.SolrDispatchFilter; [admin] webapp=null path=/admin/cores params={_=1398176069853&wt=json} status=0 QTime=0 
INFO  - 2014-04-22 16:14:29.867; org.apache.solr.servlet.SolrDispatchFilter; [admin] webapp=null path=/admin/cores params={_=1398176069865&wt=json} status=0 QTime=0 
INFO  - 2014-04-22 16:14:36.335; org.apache.solr.core.CoreContainer; Creating SolrCore 'omeka' using instanceDir: /Applications/MAMP/solr4.6/omeka
INFO  - 2014-04-22 16:14:36.335; org.apache.solr.core.SolrResourceLoader; new SolrResourceLoader for directory: '/Applications/MAMP/solr4.6/omeka/'
INFO  - 2014-04-22 16:14:36.375; org.apache.solr.core.SolrConfig; Adding specified lib dirs to ClassLoader
WARN  - 2014-04-22 16:14:36.376; org.apache.solr.core.SolrResourceLoader; Can't find (or read) directory to add to classloader: ../../../contrib/extraction/lib (resolved as: /Applications/MAMP/solr4.6/omeka/../../../contrib/extraction/lib).
WARN  - 2014-04-22 16:14:36.376; org.apache.solr.core.SolrResourceLoader; Can't find (or read) directory to add to classloader: ../../../dist/ (resolved as: /Applications/MAMP/solr4.6/omeka/../../../dist).
WARN  - 2014-04-22 16:14:36.376; org.apache.solr.core.SolrResourceLoader; Can't find (or read) directory to add to classloader: ../../../contrib/clustering/lib/ (resolved as: /Applications/MAMP/solr4.6/omeka/../../../contrib/clustering/lib).
WARN  - 2014-04-22 16:14:36.377; org.apache.solr.core.SolrResourceLoader; Can't find (or read) directory to add to classloader: ../../../dist/ (resolved as: /Applications/MAMP/solr4.6/omeka/../../../dist).
WARN  - 2014-04-22 16:14:36.377; org.apache.solr.core.SolrResourceLoader; Can't find (or read) directory to add to classloader: ../../../contrib/langid/lib/ (resolved as: /Applications/MAMP/solr4.6/omeka/../../../contrib/langid/lib).
WARN  - 2014-04-22 16:14:36.377; org.apache.solr.core.SolrResourceLoader; Can't find (or read) directory to add to classloader: ../../../dist/ (resolved as: /Applications/MAMP/solr4.6/omeka/../../../dist).
WARN  - 2014-04-22 16:14:36.377; org.apache.solr.core.SolrResourceLoader; Can't find (or read) directory to add to classloader: ../../../contrib/velocity/lib (resolved as: /Applications/MAMP/solr4.6/omeka/../../../contrib/velocity/lib).
WARN  - 2014-04-22 16:14:36.377; org.apache.solr.core.SolrResourceLoader; Can't find (or read) directory to add to classloader: ../../../dist/ (resolved as: /Applications/MAMP/solr4.6/omeka/../../../dist).
INFO  - 2014-04-22 16:14:36.406; org.apache.solr.update.SolrIndexConfig; IndexWriter infoStream solr logging is enabled
INFO  - 2014-04-22 16:14:36.408; org.apache.solr.core.SolrConfig; Using Lucene MatchVersion: LUCENE_46
INFO  - 2014-04-22 16:14:36.449; org.apache.solr.core.SolrConfig; Loaded SolrConfig: solrconfig.xml
INFO  - 2014-04-22 16:14:36.449; org.apache.solr.schema.IndexSchema; Reading Solr Schema from schema.xml
INFO  - 2014-04-22 16:14:36.489; org.apache.solr.schema.IndexSchema; [omeka] Schema name=SolrSearch
INFO  - 2014-04-22 16:14:36.794; org.apache.solr.schema.IndexSchema; unique key field: id
INFO  - 2014-04-22 16:14:37.034; org.apache.solr.schema.FileExchangeRateProvider; Reloading exchange rates from file currency.xml
INFO  - 2014-04-22 16:14:37.041; org.apache.solr.schema.FileExchangeRateProvider; Reloading exchange rates from file currency.xml
INFO  - 2014-04-22 16:14:37.119; org.apache.solr.core.SolrCore; solr.NRTCachingDirectoryFactory
INFO  - 2014-04-22 16:14:37.120; org.apache.solr.core.SolrCore; [omeka] Opening new SolrCore at /Applications/MAMP/solr4.6/omeka/, dataDir=/Applications/MAMP/solr4.6/omeka/data/
INFO  - 2014-04-22 16:14:37.120; org.apache.solr.core.JmxMonitoredMap; JMX monitoring is enabled. Adding Solr mbeans to JMX Server: com.sun.jmx.mbeanserver.JmxMBeanServer@624b035d
INFO  - 2014-04-22 16:14:37.123; org.apache.solr.core.SolrCore; [omeka] Added SolrEventListener for newSearcher: org.apache.solr.core.QuerySenderListener{queries=[]}
INFO  - 2014-04-22 16:14:37.124; org.apache.solr.core.SolrCore; [omeka] Added SolrEventListener for firstSearcher: org.apache.solr.core.QuerySenderListener{queries=[{q=static firstSearcher warming in solrconfig.xml}]}
INFO  - 2014-04-22 16:14:37.124; org.apache.solr.core.CachingDirectoryFactory; return new directory for /Applications/MAMP/solr4.6/omeka/data
INFO  - 2014-04-22 16:14:37.125; org.apache.solr.core.SolrCore; New index directory detected: old=null new=/Applications/MAMP/solr4.6/omeka/data/index/
INFO  - 2014-04-22 16:14:37.125; org.apache.solr.core.SolrCore; created json: solr.JSONResponseWriter
INFO  - 2014-04-22 16:14:37.125; org.apache.solr.core.SolrCore; adding lazy queryResponseWriter: solr.VelocityResponseWriter
INFO  - 2014-04-22 16:14:37.125; org.apache.solr.core.SolrCore; created velocity: solr.VelocityResponseWriter
INFO  - 2014-04-22 16:14:37.126; org.apache.solr.core.SolrCore; created xslt: solr.XSLTResponseWriter
INFO  - 2014-04-22 16:14:37.126; org.apache.solr.response.XSLTResponseWriter; xsltCacheLifetimeSeconds=5
INFO  - 2014-04-22 16:14:37.130; org.apache.solr.core.SolrCore; no updateRequestProcessorChain defined as default, creating implicit default
INFO  - 2014-04-22 16:14:37.132; org.apache.solr.core.RequestHandlers; created /select: solr.SearchHandler
INFO  - 2014-04-22 16:14:37.133; org.apache.solr.core.RequestHandlers; created /query: solr.SearchHandler
INFO  - 2014-04-22 16:14:37.134; org.apache.solr.core.RequestHandlers; created /get: solr.RealTimeGetHandler
INFO  - 2014-04-22 16:14:37.135; org.apache.solr.core.RequestHandlers; created /browse: solr.SearchHandler
INFO  - 2014-04-22 16:14:37.136; org.apache.solr.core.RequestHandlers; created /update: solr.UpdateRequestHandler
INFO  - 2014-04-22 16:14:37.137; org.apache.solr.core.RequestHandlers; created /update/json: solr.JsonUpdateRequestHandler
INFO  - 2014-04-22 16:14:37.137; org.apache.solr.core.RequestHandlers; created /update/csv: solr.CSVRequestHandler
INFO  - 2014-04-22 16:14:37.138; org.apache.solr.core.RequestHandlers; adding lazy requestHandler: solr.extraction.ExtractingRequestHandler
INFO  - 2014-04-22 16:14:37.138; org.apache.solr.core.RequestHandlers; created /update/extract: solr.extraction.ExtractingRequestHandler
INFO  - 2014-04-22 16:14:37.139; org.apache.solr.core.RequestHandlers; adding lazy requestHandler: solr.FieldAnalysisRequestHandler
INFO  - 2014-04-22 16:14:37.139; org.apache.solr.core.RequestHandlers; created /analysis/field: solr.FieldAnalysisRequestHandler
INFO  - 2014-04-22 16:14:37.139; org.apache.solr.core.RequestHandlers; adding lazy requestHandler: solr.DocumentAnalysisRequestHandler
INFO  - 2014-04-22 16:14:37.140; org.apache.solr.core.RequestHandlers; created /analysis/document: solr.DocumentAnalysisRequestHandler
INFO  - 2014-04-22 16:14:37.140; org.apache.solr.core.RequestHandlers; created /admin/: solr.admin.AdminHandlers
INFO  - 2014-04-22 16:14:37.141; org.apache.solr.core.RequestHandlers; created /admin/ping: solr.PingRequestHandler
INFO  - 2014-04-22 16:14:37.142; org.apache.solr.core.RequestHandlers; created /debug/dump: solr.DumpRequestHandler
INFO  - 2014-04-22 16:14:37.143; org.apache.solr.core.RequestHandlers; created /replication: solr.ReplicationHandler
INFO  - 2014-04-22 16:14:37.144; org.apache.solr.core.RequestHandlers; adding lazy requestHandler: solr.SearchHandler
INFO  - 2014-04-22 16:14:37.144; org.apache.solr.core.RequestHandlers; created /spell: solr.SearchHandler
INFO  - 2014-04-22 16:14:37.144; org.apache.solr.core.RequestHandlers; adding lazy requestHandler: solr.SearchHandler
INFO  - 2014-04-22 16:14:37.145; org.apache.solr.core.RequestHandlers; created /tvrh: solr.SearchHandler
INFO  - 2014-04-22 16:14:37.145; org.apache.solr.core.RequestHandlers; adding lazy requestHandler: org.apache.solr.handler.js.JavaScriptRequestHandler
INFO  - 2014-04-22 16:14:37.145; org.apache.solr.core.RequestHandlers; created /js: org.apache.solr.handler.js.JavaScriptRequestHandler
INFO  - 2014-04-22 16:14:37.146; org.apache.solr.core.RequestHandlers; adding lazy requestHandler: solr.SearchHandler
INFO  - 2014-04-22 16:14:37.146; org.apache.solr.core.RequestHandlers; created /terms: solr.SearchHandler
INFO  - 2014-04-22 16:14:37.147; org.apache.solr.core.RequestHandlers; adding lazy requestHandler: solr.SearchHandler
INFO  - 2014-04-22 16:14:37.147; org.apache.solr.core.RequestHandlers; created /elevate: solr.SearchHandler
INFO  - 2014-04-22 16:14:37.148; org.apache.solr.handler.loader.XMLLoader; xsltCacheLifetimeSeconds=60
INFO  - 2014-04-22 16:14:37.149; org.apache.solr.handler.loader.XMLLoader; xsltCacheLifetimeSeconds=60
INFO  - 2014-04-22 16:14:37.150; org.apache.solr.handler.loader.XMLLoader; xsltCacheLifetimeSeconds=60
INFO  - 2014-04-22 16:14:37.156; org.apache.solr.update.CommitTracker; Hard AutoCommit: if uncommited for 15000ms; 
INFO  - 2014-04-22 16:14:37.157; org.apache.solr.update.CommitTracker; Soft AutoCommit: disabled
INFO  - 2014-04-22 16:14:37.158; org.apache.solr.core.CachingDirectoryFactory; return new directory for /Applications/MAMP/solr4.6/omeka/data/index
INFO  - 2014-04-22 16:14:37.160; org.apache.solr.core.SolrDeletionPolicy; SolrDeletionPolicy.onInit: commits: num=1
	commit{dir=NRTCachingDirectory(org.apache.lucene.store.NIOFSDirectory@/Applications/MAMP/solr4.6/omeka/data/index lockFactory=org.apache.lucene.store.NativeFSLockFactory@4eb4dcd9; maxCacheMB=48.0 maxMergeSizeMB=4.0),segFN=segments_2v,generation=103}
INFO  - 2014-04-22 16:14:37.160; org.apache.solr.core.SolrDeletionPolicy; newest commit generation = 103
INFO  - 2014-04-22 16:14:37.160; org.apache.solr.search.SolrIndexSearcher; Opening Searcher@4a0d6883 main
INFO  - 2014-04-22 16:14:37.161; org.apache.solr.handler.component.SpellCheckComponent; Initializing spell checkers
INFO  - 2014-04-22 16:14:37.161; org.apache.solr.spelling.DirectSolrSpellChecker; init: {name=default,field=text,classname=solr.DirectSolrSpellChecker,distanceMeasure=internal,accuracy=0.5,maxEdits=2,minPrefix=1,maxInspections=5,minQueryLength=4,maxQueryFrequency=0.01}
INFO  - 2014-04-22 16:14:37.162; org.apache.solr.handler.component.SpellCheckComponent; No queryConverter defined, using default converter
INFO  - 2014-04-22 16:14:37.162; org.apache.solr.handler.component.QueryElevationComponent; Loading QueryElevation from: /Applications/MAMP/solr4.6/omeka/conf/elevate.xml
INFO  - 2014-04-22 16:14:37.174; org.apache.solr.handler.ReplicationHandler; Commits will be reserved for  10000
INFO  - 2014-04-22 16:14:37.174; org.apache.solr.core.QuerySenderListener; QuerySenderListener sending requests to Searcher@4a0d6883 main{StandardDirectoryReader(segments_2v:331:nrt)}
INFO  - 2014-04-22 16:14:37.176; org.apache.solr.core.SolrCore; [omeka] webapp=null path=null params={event=firstSearcher&q=static+firstSearcher+warming+in+solrconfig.xml&distrib=false} hits=0 status=0 QTime=1 
INFO  - 2014-04-22 16:14:37.176; org.apache.solr.core.QuerySenderListener; QuerySenderListener done.
INFO  - 2014-04-22 16:14:37.176; org.apache.solr.handler.component.SpellCheckComponent$SpellCheckerListener; Loading spell index for spellchecker: default
INFO  - 2014-04-22 16:14:37.176; org.apache.solr.handler.component.SpellCheckComponent$SpellCheckerListener; Loading spell index for spellchecker: wordbreak
INFO  - 2014-04-22 16:14:37.179; org.apache.solr.core.SolrCore; [omeka] Registered new searcher Searcher@4a0d6883 main{StandardDirectoryReader(segments_2v:331:nrt)}
INFO  - 2014-04-22 16:14:37.182; org.apache.solr.core.CoreContainer; registering core: omeka
INFO  - 2014-04-22 16:14:37.183; org.apache.solr.servlet.SolrDispatchFilter; [admin] webapp=null path=/admin/cores params={schema=schema.xml&shard=&instanceDir=omeka&indexInfo=false&name=omeka&action=CREATE&config=solrconfig.xml&_=1398176076331&collection=&dataDir=data&wt=json} status=0 QTime=849 
INFO  - 2014-04-22 16:14:37.190; org.apache.solr.servlet.SolrDispatchFilter; [admin] webapp=null path=/admin/cores params={_=1398176077187&wt=json} status=0 QTime=1 
INFO  - 2014-04-22 16:14:40.574; org.apache.solr.servlet.SolrDispatchFilter; [admin] webapp=null path=/admin/cores params={_=1398176080570&wt=json} status=0 QTime=1 
INFO  - 2014-04-22 16:14:56.216; org.apache.solr.core.SolrCore; [omeka] webapp=/solr path=/admin/ping params={} hits=0 status=0 QTime=1 
INFO  - 2014-04-22 16:14:56.216; org.apache.solr.core.SolrCore; [omeka] webapp=/solr path=/admin/ping params={} status=0 QTime=1 
INFO  - 2014-04-22 16:18:42.216; org.apache.solr.core.SolrCore; [omeka] webapp=/solr path=/admin/ping params={} hits=0 status=0 QTime=1 
INFO  - 2014-04-22 16:18:42.216; org.apache.solr.core.SolrCore; [omeka] webapp=/solr path=/admin/ping params={} status=0 QTime=1 
INFO  - 2014-04-22 16:18:43.947; org.apache.solr.core.SolrCore; [omeka] webapp=/solr path=/admin/ping params={} hits=0 status=0 QTime=1 
INFO  - 2014-04-22 16:18:43.947; org.apache.solr.core.SolrCore; [omeka] webapp=/solr path=/admin/ping params={} status=0 QTime=1 
INFO  - 2014-04-22 16:20:53.296; org.apache.solr.update.processor.LogUpdateProcessor; [omeka] webapp=/solr path=/update params={wt=json} {deleteByQuery=*:* (-1466094272690257920)} 0 2
INFO  - 2014-04-22 16:20:53.298; org.apache.solr.update.DirectUpdateHandler2; start commit{,optimize=false,openSearcher=true,waitSearcher=true,expungeDeletes=false,softCommit=false,prepareCommit=false}
INFO  - 2014-04-22 16:20:53.298; org.apache.solr.update.DirectUpdateHandler2; No uncommitted changes. Skipping IW.commit.
INFO  - 2014-04-22 16:20:53.299; org.apache.solr.search.SolrIndexSearcher; Opening Searcher@724eda4a main
INFO  - 2014-04-22 16:20:53.300; org.apache.solr.update.DirectUpdateHandler2; end_commit_flush
INFO  - 2014-04-22 16:20:53.300; org.apache.solr.core.QuerySenderListener; QuerySenderListener sending requests to Searcher@724eda4a main{StandardDirectoryReader(segments_2v:331:nrt)}
INFO  - 2014-04-22 16:20:53.300; org.apache.solr.core.QuerySenderListener; QuerySenderListener done.
INFO  - 2014-04-22 16:20:53.302; org.apache.solr.core.SolrCore; [omeka] Registered new searcher Searcher@724eda4a main{StandardDirectoryReader(segments_2v:331:nrt)}
INFO  - 2014-04-22 16:20:53.302; org.apache.solr.update.processor.LogUpdateProcessor; [omeka] webapp=/solr path=/update params={wt=json} {commit=} 0 4
INFO  - 2014-04-22 16:20:53.304; org.apache.solr.update.DirectUpdateHandler2; start commit{,optimize=true,openSearcher=true,waitSearcher=true,expungeDeletes=false,softCommit=false,prepareCommit=false}
INFO  - 2014-04-22 16:20:53.304; org.apache.solr.update.DirectUpdateHandler2; No uncommitted changes. Skipping IW.commit.
INFO  - 2014-04-22 16:20:53.304; org.apache.solr.search.SolrIndexSearcher; Opening Searcher@1db4b415 main
INFO  - 2014-04-22 16:20:53.305; org.apache.solr.update.DirectUpdateHandler2; end_commit_flush
INFO  - 2014-04-22 16:20:53.305; org.apache.solr.core.QuerySenderListener; QuerySenderListener sending requests to Searcher@1db4b415 main{StandardDirectoryReader(segments_2v:331:nrt)}
INFO  - 2014-04-22 16:20:53.305; org.apache.solr.core.QuerySenderListener; QuerySenderListener done.
INFO  - 2014-04-22 16:20:53.307; org.apache.solr.core.SolrCore; [omeka] Registered new searcher Searcher@1db4b415 main{StandardDirectoryReader(segments_2v:331:nrt)}
INFO  - 2014-04-22 16:20:53.307; org.apache.solr.update.processor.LogUpdateProcessor; [omeka] webapp=/solr path=/update params={wt=json} {optimize=} 0 3
INFO  - 2014-04-22 16:20:53.363; org.apache.solr.update.processor.LogUpdateProcessor; [omeka] webapp=/solr path=/update params={wt=json} {} 0 2
ERROR - 2014-04-22 16:20:53.363; org.apache.solr.common.SolrException; org.apache.solr.common.SolrException: ERROR: [doc=Item_2753] unknown field '43_t'
	at org.apache.solr.update.DocumentBuilder.toDocument(DocumentBuilder.java:174)
	at org.apache.solr.update.AddUpdateCommand.getLuceneDocument(AddUpdateCommand.java:77)
	at org.apache.solr.update.DirectUpdateHandler2.addDoc(DirectUpdateHandler2.java:215)
	at org.apache.solr.update.processor.RunUpdateProcessor.processAdd(RunUpdateProcessorFactory.java:69)
	at org.apache.solr.update.processor.UpdateRequestProcessor.processAdd(UpdateRequestProcessor.java:51)
	at org.apache.solr.update.processor.DistributedUpdateProcessor.doLocalAdd(DistributedUpdateProcessor.java:571)
	at org.apache.solr.update.processor.DistributedUpdateProcessor.versionAdd(DistributedUpdateProcessor.java:707)
	at org.apache.solr.update.processor.DistributedUpdateProcessor.processAdd(DistributedUpdateProcessor.java:437)
	at org.apache.solr.update.processor.LogUpdateProcessor.processAdd(LogUpdateProcessorFactory.java:100)
	at org.apache.solr.handler.loader.XMLLoader.processUpdate(XMLLoader.java:247)
	at org.apache.solr.handler.loader.XMLLoader.load(XMLLoader.java:174)
	at org.apache.solr.handler.UpdateRequestHandler$1.load(UpdateRequestHandler.java:92)
	at org.apache.solr.handler.ContentStreamHandlerBase.handleRequestBody(ContentStreamHandlerBase.java:74)
	at org.apache.solr.handler.RequestHandlerBase.handleRequest(RequestHandlerBase.java:135)
	at org.apache.solr.core.SolrCore.execute(SolrCore.java:1859)
	at org.apache.solr.servlet.SolrDispatchFilter.execute(SolrDispatchFilter.java:721)
	at org.apache.solr.servlet.SolrDispatchFilter.doFilter(SolrDispatchFilter.java:417)
	at org.apache.solr.servlet.SolrDispatchFilter.doFilter(SolrDispatchFilter.java:201)
	at org.apache.catalina.core.ApplicationFilterChain.internalDoFilter(ApplicationFilterChain.java:243)
	at org.apache.catalina.core.ApplicationFilterChain.doFilter(ApplicationFilterChain.java:210)
	at org.apache.catalina.core.StandardWrapperValve.invoke(StandardWrapperValve.java:225)
	at org.apache.catalina.core.StandardContextValve.invoke(StandardContextValve.java:123)
	at org.apache.catalina.core.StandardHostValve.invoke(StandardHostValve.java:168)
	at org.apache.catalina.valves.ErrorReportValve.invoke(ErrorReportValve.java:98)
	at org.apache.catalina.valves.AccessLogValve.invoke(AccessLogValve.java:927)
	at org.apache.catalina.core.StandardEngineValve.invoke(StandardEngineValve.java:118)
	at org.apache.catalina.connector.CoyoteAdapter.service(CoyoteAdapter.java:407)
	at org.apache.coyote.http11.AbstractHttp11Processor.process(AbstractHttp11Processor.java:1001)
	at org.apache.coyote.AbstractProtocol$AbstractConnectionHandler.process(AbstractProtocol.java:579)
	at org.apache.tomcat.util.net.JIoEndpoint$SocketProcessor.run(JIoEndpoint.java:310)
	at java.util.concurrent.ThreadPoolExecutor$Worker.runTask(ThreadPoolExecutor.java:895)
	at java.util.concurrent.ThreadPoolExecutor$Worker.run(ThreadPoolExecutor.java:918)
	at java.lang.Thread.run(Thread.java:695)

INFO  - 2014-04-22 16:21:03.275; org.apache.solr.update.processor.LogUpdateProcessor; [omeka] webapp=/solr path=/update params={wt=json} {deleteByQuery=*:* (-1466094283153997824)} 0 1
INFO  - 2014-04-22 16:21:03.278; org.apache.solr.update.DirectUpdateHandler2; start commit{,optimize=false,openSearcher=true,waitSearcher=true,expungeDeletes=false,softCommit=false,prepareCommit=false}
INFO  - 2014-04-22 16:21:03.278; org.apache.solr.update.DirectUpdateHandler2; No uncommitted changes. Skipping IW.commit.
INFO  - 2014-04-22 16:21:03.278; org.apache.solr.search.SolrIndexSearcher; Opening Searcher@7e628e42 main
INFO  - 2014-04-22 16:21:03.279; org.apache.solr.update.DirectUpdateHandler2; end_commit_flush
INFO  - 2014-04-22 16:21:03.279; org.apache.solr.core.QuerySenderListener; QuerySenderListener sending requests to Searcher@7e628e42 main{StandardDirectoryReader(segments_2v:331:nrt)}
INFO  - 2014-04-22 16:21:03.279; org.apache.solr.core.QuerySenderListener; QuerySenderListener done.
INFO  - 2014-04-22 16:21:03.280; org.apache.solr.core.SolrCore; [omeka] Registered new searcher Searcher@7e628e42 main{StandardDirectoryReader(segments_2v:331:nrt)}
INFO  - 2014-04-22 16:21:03.281; org.apache.solr.update.processor.LogUpdateProcessor; [omeka] webapp=/solr path=/update params={wt=json} {commit=} 0 4
INFO  - 2014-04-22 16:21:03.283; org.apache.solr.update.DirectUpdateHandler2; start commit{,optimize=true,openSearcher=true,waitSearcher=true,expungeDeletes=false,softCommit=false,prepareCommit=false}
INFO  - 2014-04-22 16:21:03.283; org.apache.solr.update.DirectUpdateHandler2; No uncommitted changes. Skipping IW.commit.
INFO  - 2014-04-22 16:21:03.283; org.apache.solr.search.SolrIndexSearcher; Opening Searcher@1f9fd541 main
INFO  - 2014-04-22 16:21:03.284; org.apache.solr.update.DirectUpdateHandler2; end_commit_flush
INFO  - 2014-04-22 16:21:03.284; org.apache.solr.core.QuerySenderListener; QuerySenderListener sending requests to Searcher@1f9fd541 main{StandardDirectoryReader(segments_2v:331:nrt)}
INFO  - 2014-04-22 16:21:03.284; org.apache.solr.core.QuerySenderListener; QuerySenderListener done.
INFO  - 2014-04-22 16:21:03.286; org.apache.solr.core.SolrCore; [omeka] Registered new searcher Searcher@1f9fd541 main{StandardDirectoryReader(segments_2v:331:nrt)}
INFO  - 2014-04-22 16:21:03.286; org.apache.solr.update.processor.LogUpdateProcessor; [omeka] webapp=/solr path=/update params={wt=json} {optimize=} 0 4
INFO  - 2014-04-22 16:21:03.341; org.apache.solr.update.processor.LogUpdateProcessor; [omeka] webapp=/solr path=/update params={wt=json} {} 0 2
ERROR - 2014-04-22 16:21:03.341; org.apache.solr.common.SolrException; org.apache.solr.common.SolrException: ERROR: [doc=Item_2753] unknown field '43_t'
	at org.apache.solr.update.DocumentBuilder.toDocument(DocumentBuilder.java:174)
	at org.apache.solr.update.AddUpdateCommand.getLuceneDocument(AddUpdateCommand.java:77)
	at org.apache.solr.update.DirectUpdateHandler2.addDoc(DirectUpdateHandler2.java:215)
	at org.apache.solr.update.processor.RunUpdateProcessor.processAdd(RunUpdateProcessorFactory.java:69)
	at org.apache.solr.update.processor.UpdateRequestProcessor.processAdd(UpdateRequestProcessor.java:51)
	at org.apache.solr.update.processor.DistributedUpdateProcessor.doLocalAdd(DistributedUpdateProcessor.java:571)
	at org.apache.solr.update.processor.DistributedUpdateProcessor.versionAdd(DistributedUpdateProcessor.java:707)
	at org.apache.solr.update.processor.DistributedUpdateProcessor.processAdd(DistributedUpdateProcessor.java:437)
	at org.apache.solr.update.processor.LogUpdateProcessor.processAdd(LogUpdateProcessorFactory.java:100)
	at org.apache.solr.handler.loader.XMLLoader.processUpdate(XMLLoader.java:247)
	at org.apache.solr.handler.loader.XMLLoader.load(XMLLoader.java:174)
	at org.apache.solr.handler.UpdateRequestHandler$1.load(UpdateRequestHandler.java:92)
	at org.apache.solr.handler.ContentStreamHandlerBase.handleRequestBody(ContentStreamHandlerBase.java:74)
	at org.apache.solr.handler.RequestHandlerBase.handleRequest(RequestHandlerBase.java:135)
	at org.apache.solr.core.SolrCore.execute(SolrCore.java:1859)
	at org.apache.solr.servlet.SolrDispatchFilter.execute(SolrDispatchFilter.java:721)
	at org.apache.solr.servlet.SolrDispatchFilter.doFilter(SolrDispatchFilter.java:417)
	at org.apache.solr.servlet.SolrDispatchFilter.doFilter(SolrDispatchFilter.java:201)
	at org.apache.catalina.core.ApplicationFilterChain.internalDoFilter(ApplicationFilterChain.java:243)
	at org.apache.catalina.core.ApplicationFilterChain.doFilter(ApplicationFilterChain.java:210)
	at org.apache.catalina.core.StandardWrapperValve.invoke(StandardWrapperValve.java:225)
	at org.apache.catalina.core.StandardContextValve.invoke(StandardContextValve.java:123)
	at org.apache.catalina.core.StandardHostValve.invoke(StandardHostValve.java:168)
	at org.apache.catalina.valves.ErrorReportValve.invoke(ErrorReportValve.java:98)
	at org.apache.catalina.valves.AccessLogValve.invoke(AccessLogValve.java:927)
	at org.apache.catalina.core.StandardEngineValve.invoke(StandardEngineValve.java:118)
	at org.apache.catalina.connector.CoyoteAdapter.service(CoyoteAdapter.java:407)
	at org.apache.coyote.http11.AbstractHttp11Processor.process(AbstractHttp11Processor.java:1001)
	at org.apache.coyote.AbstractProtocol$AbstractConnectionHandler.process(AbstractProtocol.java:579)
	at org.apache.tomcat.util.net.JIoEndpoint$SocketProcessor.run(JIoEndpoint.java:310)
	at java.util.concurrent.ThreadPoolExecutor$Worker.runTask(ThreadPoolExecutor.java:895)
	at java.util.concurrent.ThreadPoolExecutor$Worker.run(ThreadPoolExecutor.java:918)
	at java.lang.Thread.run(Thread.java:695)

INFO  - 2014-04-22 16:22:06.959; org.apache.solr.update.processor.LogUpdateProcessor; [omeka] webapp=/solr path=/update params={wt=json} {deleteByQuery=*:* (-1466094349931511808)} 0 1
INFO  - 2014-04-22 16:22:06.961; org.apache.solr.update.DirectUpdateHandler2; start commit{,optimize=false,openSearcher=true,waitSearcher=true,expungeDeletes=false,softCommit=false,prepareCommit=false}
INFO  - 2014-04-22 16:22:06.961; org.apache.solr.update.DirectUpdateHandler2; No uncommitted changes. Skipping IW.commit.
INFO  - 2014-04-22 16:22:06.962; org.apache.solr.search.SolrIndexSearcher; Opening Searcher@1aa3c177 main
INFO  - 2014-04-22 16:22:06.962; org.apache.solr.update.DirectUpdateHandler2; end_commit_flush
INFO  - 2014-04-22 16:22:06.962; org.apache.solr.core.QuerySenderListener; QuerySenderListener sending requests to Searcher@1aa3c177 main{StandardDirectoryReader(segments_2v:331:nrt)}
INFO  - 2014-04-22 16:22:06.963; org.apache.solr.core.QuerySenderListener; QuerySenderListener done.
INFO  - 2014-04-22 16:22:06.965; org.apache.solr.core.SolrCore; [omeka] Registered new searcher Searcher@1aa3c177 main{StandardDirectoryReader(segments_2v:331:nrt)}
INFO  - 2014-04-22 16:22:06.966; org.apache.solr.update.processor.LogUpdateProcessor; [omeka] webapp=/solr path=/update params={wt=json} {commit=} 0 5
INFO  - 2014-04-22 16:22:06.968; org.apache.solr.update.DirectUpdateHandler2; start commit{,optimize=true,openSearcher=true,waitSearcher=true,expungeDeletes=false,softCommit=false,prepareCommit=false}
INFO  - 2014-04-22 16:22:06.969; org.apache.solr.update.DirectUpdateHandler2; No uncommitted changes. Skipping IW.commit.
INFO  - 2014-04-22 16:22:06.969; org.apache.solr.search.SolrIndexSearcher; Opening Searcher@396e1dd8 main
INFO  - 2014-04-22 16:22:06.969; org.apache.solr.update.DirectUpdateHandler2; end_commit_flush
INFO  - 2014-04-22 16:22:06.970; org.apache.solr.core.QuerySenderListener; QuerySenderListener sending requests to Searcher@396e1dd8 main{StandardDirectoryReader(segments_2v:331:nrt)}
INFO  - 2014-04-22 16:22:06.970; org.apache.solr.core.QuerySenderListener; QuerySenderListener done.
INFO  - 2014-04-22 16:22:06.972; org.apache.solr.core.SolrCore; [omeka] Registered new searcher Searcher@396e1dd8 main{StandardDirectoryReader(segments_2v:331:nrt)}
INFO  - 2014-04-22 16:22:06.973; org.apache.solr.update.processor.LogUpdateProcessor; [omeka] webapp=/solr path=/update params={wt=json} {optimize=} 0 5
INFO  - 2014-04-22 16:22:40.829; org.apache.solr.servlet.SolrDispatchFilter; [admin] webapp=null path=/admin/cores params={_=1398176560824&wt=json} status=0 QTime=2 
INFO  - 2014-04-22 16:22:42.668; org.apache.solr.servlet.SolrDispatchFilter; [admin] webapp=null path=/admin/cores params={_=1398176562663&wt=json} status=0 QTime=2 
INFO  - 2014-04-22 16:23:15.400; org.apache.solr.core.CoreContainer; Shutting down CoreContainer instance=1163776810
INFO  - 2014-04-22 16:23:15.400; org.apache.solr.core.SolrCore; [collection1]  CLOSING SolrCore org.apache.solr.core.SolrCore@3e03e574
INFO  - 2014-04-22 16:23:15.406; org.apache.solr.update.DirectUpdateHandler2; closing DirectUpdateHandler2{commits=0,autocommit maxTime=15000ms,autocommits=0,soft autocommits=0,optimizes=0,rollbacks=0,expungeDeletes=0,docsPending=0,adds=0,deletesById=0,deletesByQuery=0,errors=0,cumulative_adds=0,cumulative_deletesById=0,cumulative_deletesByQuery=0,cumulative_errors=0}
INFO  - 2014-04-22 16:23:15.406; org.apache.solr.update.SolrCoreState; Closing SolrCoreState
INFO  - 2014-04-22 16:23:15.406; org.apache.solr.update.DefaultSolrCoreState; SolrCoreState ref count has reached 0 - closing IndexWriter
INFO  - 2014-04-22 16:23:15.406; org.apache.solr.update.DefaultSolrCoreState; closing IndexWriter with IndexWriterCloser
INFO  - 2014-04-22 16:23:15.407; org.apache.solr.core.SolrCore; [collection1] Closing main searcher on request.
INFO  - 2014-04-22 16:23:15.408; org.apache.solr.core.CachingDirectoryFactory; Closing NRTCachingDirectoryFactory - 2 directories currently being tracked
INFO  - 2014-04-22 16:23:15.408; org.apache.solr.core.CachingDirectoryFactory; looking to close /Applications/MAMP/solr4.6/collection1/data [CachedDir<<refCount=0;path=/Applications/MAMP/solr4.6/collection1/data;done=false>>]
INFO  - 2014-04-22 16:23:15.408; org.apache.solr.core.CachingDirectoryFactory; Closing directory: /Applications/MAMP/solr4.6/collection1/data
INFO  - 2014-04-22 16:23:15.408; org.apache.solr.core.CachingDirectoryFactory; looking to close /Applications/MAMP/solr4.6/collection1/data/index [CachedDir<<refCount=0;path=/Applications/MAMP/solr4.6/collection1/data/index;done=false>>]
INFO  - 2014-04-22 16:23:15.408; org.apache.solr.core.CachingDirectoryFactory; Closing directory: /Applications/MAMP/solr4.6/collection1/data/index
INFO  - 2014-04-22 16:23:15.408; org.apache.solr.core.SolrCore; [omeka]  CLOSING SolrCore org.apache.solr.core.SolrCore@45542c06
INFO  - 2014-04-22 16:23:15.414; org.apache.solr.update.DirectUpdateHandler2; closing DirectUpdateHandler2{commits=3,autocommit maxTime=15000ms,autocommits=0,soft autocommits=0,optimizes=3,rollbacks=0,expungeDeletes=0,docsPending=0,adds=0,deletesById=0,deletesByQuery=0,errors=2,cumulative_adds=2,cumulative_deletesById=0,cumulative_deletesByQuery=3,cumulative_errors=2}
INFO  - 2014-04-22 16:23:15.414; org.apache.solr.update.SolrCoreState; Closing SolrCoreState
INFO  - 2014-04-22 16:23:15.415; org.apache.solr.update.DefaultSolrCoreState; SolrCoreState ref count has reached 0 - closing IndexWriter
INFO  - 2014-04-22 16:23:15.415; org.apache.solr.update.DefaultSolrCoreState; closing IndexWriter with IndexWriterCloser
INFO  - 2014-04-22 16:23:15.417; org.apache.solr.core.SolrCore; [omeka] Closing main searcher on request.
INFO  - 2014-04-22 16:23:15.417; org.apache.solr.core.CachingDirectoryFactory; Closing NRTCachingDirectoryFactory - 2 directories currently being tracked
INFO  - 2014-04-22 16:23:15.417; org.apache.solr.core.CachingDirectoryFactory; looking to close /Applications/MAMP/solr4.6/omeka/data [CachedDir<<refCount=0;path=/Applications/MAMP/solr4.6/omeka/data;done=false>>]
INFO  - 2014-04-22 16:23:15.417; org.apache.solr.core.CachingDirectoryFactory; Closing directory: /Applications/MAMP/solr4.6/omeka/data
INFO  - 2014-04-22 16:23:15.417; org.apache.solr.core.CachingDirectoryFactory; looking to close /Applications/MAMP/solr4.6/omeka/data/index [CachedDir<<refCount=0;path=/Applications/MAMP/solr4.6/omeka/data/index;done=false>>]
INFO  - 2014-04-22 16:23:15.418; org.apache.solr.core.CachingDirectoryFactory; Closing directory: /Applications/MAMP/solr4.6/omeka/data/index
